1,0,1,DOSSIER AJOUTE,/var/www/CC/website/
1,1,1,FICHIER AJOUTE,/var/www/CC/website/pojoaque.jpg
1,1,1,FICHIER AJOUTE,/var/www/CC/website/index.php
1,1,1,FICHIER AJOUTE,/var/www/CC/website/brown-papersq.png
1,1,1,FICHIER AJOUTE,/var/www/CC/website/school-book.png
1,0,1,DOSSIER AJOUTE,/var/www/CC/website/include/
1,1,1,FICHIER AJOUTE,/var/www/CC/website/include/footer.php
1,1,1,FICHIER AJOUTE,/var/www/CC/website/include/file.php
1,1,1,FICHIER AJOUTE,/var/www/CC/website/include/head.php
1,1,1,FICHIER AJOUTE,/var/www/CC/website/include/function.php
1,1,1,FICHIER AJOUTE,/var/www/CC/website/include/header.php
1,1,1,FICHIER AJOUTE,/var/www/CC/website/include/connect.php
1,0,1,DOSSIER AJOUTE,/var/www/CC/website/js/
1,1,1,FICHIER AJOUTE,/var/www/CC/website/js/highlight.pack.js
1,1,1,FICHIER AJOUTE,/var/www/CC/website/js/npm.js
1,1,1,FICHIER AJOUTE,/var/www/CC/website/js/highlightjs.loader.min.js
1,1,1,FICHIER AJOUTE,/var/www/CC/website/js/bootstrap.js
1,1,1,FICHIER AJOUTE,/var/www/CC/website/js/bootstrap.min.js
1,0,1,DOSSIER AJOUTE,/var/www/CC/website/page/
1,1,1,FICHIER AJOUTE,/var/www/CC/website/page/download.php
1,1,1,FICHIER AJOUTE,/var/www/CC/website/page/deconnexion.php
1,1,1,FICHIER AJOUTE,/var/www/CC/website/page/test.php
1,1,1,FICHIER AJOUTE,/var/www/CC/website/page/backup.php
1,1,1,FICHIER AJOUTE,/var/www/CC/website/page/backups.php
1,1,1,FICHIER AJOUTE,/var/www/CC/website/page/filecontent.php
1,1,1,FICHIER AJOUTE,/var/www/CC/website/page/home.php
1,0,1,DOSSIER AJOUTE,/var/www/CC/website/class/
1,1,1,FICHIER AJOUTE,/var/www/CC/website/class/file.php
1,1,1,FICHIER AJOUTE,/var/www/CC/website/class/backup.php
1,1,1,FICHIER AJOUTE,/var/www/CC/website/class/user.php
1,0,1,DOSSIER AJOUTE,/var/www/CC/website/script/
1,1,1,FICHIER AJOUTE,/var/www/CC/website/script/deconnexion.php
1,1,1,FICHIER AJOUTE,/var/www/CC/website/script/inscription.php
1,1,1,FICHIER AJOUTE,/var/www/CC/website/script/connexion.php
1,0,1,DOSSIER AJOUTE,/var/www/CC/website/config/
1,1,1,FICHIER AJOUTE,/var/www/CC/website/config/config.php
1,0,1,DOSSIER AJOUTE,/var/www/CC/website/style/
1,0,1,DOSSIER AJOUTE,/var/www/CC/website/style/fonts/
1,1,1,FICHIER AJOUTE,/var/www/CC/website/style/fonts/glyphicons-halflings-regular.eot
1,1,1,FICHIER AJOUTE,/var/www/CC/website/style/fonts/glyphicons-halflings-regular.woff
1,1,1,FICHIER AJOUTE,/var/www/CC/website/style/fonts/glyphicons-halflings-regular.svg
1,1,1,FICHIER AJOUTE,/var/www/CC/website/style/fonts/glyphicons-halflings-regular.woff2
1,1,1,FICHIER AJOUTE,/var/www/CC/website/style/fonts/glyphicons-halflings-regular.ttf
1,0,1,DOSSIER AJOUTE,/var/www/CC/website/style/css/
1,1,1,FICHIER AJOUTE,/var/www/CC/website/style/css/foundation.css
1,1,1,FICHIER AJOUTE,/var/www/CC/website/style/css/vs.css
1,1,1,FICHIER AJOUTE,/var/www/CC/website/style/css/paraiso-light.css
1,1,1,FICHIER AJOUTE,/var/www/CC/website/style/css/atelier-savanna-dark.css
1,1,1,FICHIER AJOUTE,/var/www/CC/website/style/css/atelier-estuary-dark.css
1,1,1,FICHIER AJOUTE,/var/www/CC/website/style/css/atelier-seaside-dark.css
1,1,1,FICHIER AJOUTE,/var/www/CC/website/style/css/atelier-sulphurpool-dark.css
1,1,1,FICHIER AJOUTE,/var/www/CC/website/style/css/darkula.css
1,1,1,FICHIER AJOUTE,/var/www/CC/website/style/css/atelier-heath-light.css
1,1,1,FICHIER AJOUTE,/var/www/CC/website/style/css/school-book.css
1,1,1,FICHIER AJOUTE,/var/www/CC/website/style/css/agate.css
1,1,1,FICHIER AJOUTE,/var/www/CC/website/style/css/github.css
1,1,1,FICHIER AJOUTE,/var/www/CC/website/style/css/default.css
1,1,1,FICHIER AJOUTE,/var/www/CC/website/style/css/zenburn.css
1,1,1,FICHIER AJOUTE,/var/www/CC/website/style/css/atelier-heath-dark.css
1,1,1,FICHIER AJOUTE,/var/www/CC/website/style/css/atelier-estuary-light.css
1,1,1,FICHIER AJOUTE,/var/www/CC/website/style/css/ascetic.css
1,1,1,FICHIER AJOUTE,/var/www/CC/website/style/css/atelier-cave-light.css
1,1,1,FICHIER AJOUTE,/var/www/CC/website/style/css/xcode.css
1,1,1,FICHIER AJOUTE,/var/www/CC/website/style/css/pojoaque.css
1,1,1,FICHIER AJOUTE,/var/www/CC/website/style/css/atelier-plateau-light.css
1,1,1,FICHIER AJOUTE,/var/www/CC/website/style/css/atelier-lakeside-dark.css
1,1,1,FICHIER AJOUTE,/var/www/CC/website/style/css/idea.css
1,1,1,FICHIER AJOUTE,/var/www/CC/website/style/css/global.css
1,1,1,FICHIER AJOUTE,/var/www/CC/website/style/css/paraiso-dark.css
1,1,1,FICHIER AJOUTE,/var/www/CC/website/style/css/mono-blue.css
1,1,1,FICHIER AJOUTE,/var/www/CC/website/style/css/railscasts.css
1,1,1,FICHIER AJOUTE,/var/www/CC/website/style/css/atelier-seaside-light.css
1,1,1,FICHIER AJOUTE,/var/www/CC/website/style/css/kimbie.light.css
1,1,1,FICHIER AJOUTE,/var/www/CC/website/style/css/github-gist.css
1,1,1,FICHIER AJOUTE,/var/www/CC/website/style/css/atelier-cave-dark.css
1,1,1,FICHIER AJOUTE,/var/www/CC/website/style/css/hopscotch.css
1,1,1,FICHIER AJOUTE,/var/www/CC/website/style/css/tomorrow-night-eighties.css
1,1,1,FICHIER AJOUTE,/var/www/CC/website/style/css/tomorrow-night.css
1,1,1,FICHIER AJOUTE,/var/www/CC/website/style/css/atelier-plateau-dark.css
1,1,1,FICHIER AJOUTE,/var/www/CC/website/style/css/atelier-sulphurpool-light.css
1,1,1,FICHIER AJOUTE,/var/www/CC/website/style/css/codepen-embed.css
1,1,1,FICHIER AJOUTE,/var/www/CC/website/style/css/kimbie.dark.css
1,1,1,FICHIER AJOUTE,/var/www/CC/website/style/css/atelier-lakeside-light.css
1,1,1,FICHIER AJOUTE,/var/www/CC/website/style/css/hybrid.css
1,1,1,FICHIER AJOUTE,/var/www/CC/website/style/css/androidstudio.css
1,1,1,FICHIER AJOUTE,/var/www/CC/website/style/css/atelier-dune-dark.css
1,1,1,FICHIER AJOUTE,/var/www/CC/website/style/css/color-brewer.css
1,1,1,FICHIER AJOUTE,/var/www/CC/website/style/css/far.css
1,1,1,FICHIER AJOUTE,/var/www/CC/website/style/css/obsidian.css
1,1,1,FICHIER AJOUTE,/var/www/CC/website/style/css/brown-paper.css
1,1,1,FICHIER AJOUTE,/var/www/CC/website/style/css/sunburst.css
1,1,1,FICHIER AJOUTE,/var/www/CC/website/style/css/atelier-forest-light.css
1,1,1,FICHIER AJOUTE,/var/www/CC/website/style/css/atelier-forest-dark.css
1,1,1,FICHIER AJOUTE,/var/www/CC/website/style/css/arduino-light.css
1,1,1,FICHIER AJOUTE,/var/www/CC/website/style/css/atelier-savanna-light.css
1,1,1,FICHIER AJOUTE,/var/www/CC/website/style/css/googlecode.css
1,1,1,FICHIER AJOUTE,/var/www/CC/website/style/css/solarized-dark.css
1,1,1,FICHIER AJOUTE,/var/www/CC/website/style/css/docco.css
1,1,1,FICHIER AJOUTE,/var/www/CC/website/style/css/tomorrow.css
1,1,1,FICHIER AJOUTE,/var/www/CC/website/style/css/tomorrow-night-blue.css
1,1,1,FICHIER AJOUTE,/var/www/CC/website/style/css/monokai.css
1,1,1,FICHIER AJOUTE,/var/www/CC/website/style/css/tomorrow-night-bright.css
1,1,1,FICHIER AJOUTE,/var/www/CC/website/style/css/atelier-dune-light.css
1,1,1,FICHIER AJOUTE,/var/www/CC/website/style/css/bootstrap.css
1,1,1,FICHIER AJOUTE,/var/www/CC/website/style/css/ir-black.css
1,1,1,FICHIER AJOUTE,/var/www/CC/website/style/css/arta.css
1,1,1,FICHIER AJOUTE,/var/www/CC/website/style/css/grayscale.css
1,1,1,FICHIER AJOUTE,/var/www/CC/website/style/css/dark.css
1,1,1,FICHIER AJOUTE,/var/www/CC/website/style/css/monokai-sublime.css
1,1,1,FICHIER AJOUTE,/var/www/CC/website/style/css/solarized-light.css
1,1,1,FICHIER AJOUTE,/var/www/CC/website/style/css/magula.css
1,1,1,FICHIER AJOUTE,/var/www/CC/website/style/css/rainbow.css
1,0,1,DOSSIER AJOUTE,/var/www/CC/website/style/img/
1,1,1,FICHIER AJOUTE,/var/www/CC/website/style/img/backito.png
1,1,1,FICHIER AJOUTE,/var/www/CC/website/style/img/backitobody.png
1,1,1,FICHIER AJOUTE,/var/www/CC/website/style/img/bg_cubes.png
1,1,1,FICHIER AJOUTE,/var/www/CC/website/style/img/backitoqueue.png
