1,0,1,DOSSIER AJOUTE,/var/www/CC/website/
1,1,1,FICHIER AJOUTE,/var/www/CC/website/pojoaque.jpg
1,1,1,FICHIER AJOUTE,/var/www/CC/website/index.php
1,1,1,FICHIER AJOUTE,/var/www/CC/website/brown-papersq.png
1,1,1,FICHIER AJOUTE,/var/www/CC/website/school-book.png
1,0,1,DOSSIER AJOUTE,/var/www/CC/website/include/
1,1,1,FICHIER AJOUTE,/var/www/CC/website/include/footer.php
1,1,1,FICHIER AJOUTE,/var/www/CC/website/include/file.php
1,1,1,FICHIER AJOUTE,/var/www/CC/website/include/head.php
1,1,1,FICHIER AJOUTE,/var/www/CC/website/include/function.php
1,1,1,FICHIER AJOUTE,/var/www/CC/website/include/header.php
1,1,1,FICHIER AJOUTE,/var/www/CC/website/include/connect.php
1,0,1,DOSSIER AJOUTE,/var/www/CC/website/js/
1,1,1,FICHIER AJOUTE,/var/www/CC/website/js/highlight.pack.js
1,1,1,FICHIER AJOUTE,/var/www/CC/website/js/npm.js
1,1,1,FICHIER AJOUTE,/var/www/CC/website/js/highlightjs.loader.min.js
1,1,1,FICHIER AJOUTE,/var/www/CC/website/js/bootstrap.js
1,1,1,FICHIER AJOUTE,/var/www/CC/website/js/bootstrap.min.js
1,0,1,DOSSIER AJOUTE,/var/www/CC/website/page/
1,1,1,FICHIER AJOUTE,/var/www/CC/website/page/download.php
1,1,1,FICHIER AJOUTE,/var/www/CC/website/page/deconnexion.php
1,1,1,FICHIER AJOUTE,/var/www/CC/website/page/test.php
1,1,1,FICHIER AJOUTE,/var/www/CC/website/page/backup.php
1,1,1,FICHIER AJOUTE,/var/www/CC/website/page/backups.php
1,1,1,FICHIER AJOUTE,/var/www/CC/website/page/home.php
1,0,1,DOSSIER AJOUTE,/var/www/CC/website/class/
1,1,1,FICHIER AJOUTE,/var/www/CC/website/class/file.php
1,1,1,FICHIER AJOUTE,/var/www/CC/website/class/backup.php
1,1,1,FICHIER AJOUTE,/var/www/CC/website/class/user.php
1,0,1,DOSSIER AJOUTE,/var/www/CC/website/script/
1,1,1,FICHIER AJOUTE,/var/www/CC/website/script/deconnexion.php
1,1,1,FICHIER AJOUTE,/var/www/CC/website/script/inscription.php
1,1,1,FICHIER AJOUTE,/var/www/CC/website/script/connexion.php
1,0,1,DOSSIER AJOUTE,/var/www/CC/website/config/
1,1,1,FICHIER AJOUTE,/var/www/CC/website/config/config.php
1,0,1,DOSSIER AJOUTE,/var/www/CC/website/style/
1,0,1,DOSSIER AJOUTE,/var/www/CC/website/style/fonts/
1,1,1,FICHIER AJOUTE,/var/www/CC/website/style/fonts/glyphicons-halflings-regular.eot
1,1,1,FICHIER AJOUTE,/var/www/CC/website/style/fonts/glyphicons-halflings-regular.woff
1,1,1,FICHIER AJOUTE,/var/www/CC/website/style/fonts/glyphicons-halflings-regular.svg
1,1,1,FICHIER AJOUTE,/var/www/CC/website/style/fonts/glyphicons-halflings-regular.woff2
1,1,1,FICHIER AJOUTE,/var/www/CC/website/style/fonts/glyphicons-halflings-regular.ttf
1,0,1,DOSSIER AJOUTE,/var/www/CC/website/style/css/
1,1,1,FICHIER AJOUTE,/var/www/CC/website/style/css/foundation.css
1,1,1,FICHIER AJOUTE,/var/www/CC/website/style/css/vs.css
1,1,1,FICHIER AJOUTE,/var/www/CC/website/style/css/paraiso-light.css
1,1,1,FICHIER AJOUTE,/var/www/CC/website/style/css/atelier-savanna-dark.css
1,1,1,FICHIER AJOUTE,/var/www/CC/website/style/css/atelier-estuary-dark.css
1,1,1,FICHIER AJOUTE,/var/www/CC/website/style/css/atelier-seaside-dark.css
1,1,1,FICHIER AJOUTE,/var/www/CC/website/style/css/atelier-sulphurpool-dark.css
1,1,1,FICHIER AJOUTE,/var/www/CC/website/style/css/darkula.css
1,1,1,FICHIER AJOUTE,/var/www/CC/website/style/css/atelier-heath-light.css
1,1,1,FICHIER AJOUTE,/var/www/CC/website/style/css/school-book.css
1,1,1,FICHIER AJOUTE,/var/www/CC/website/style/css/agate.css
1,1,1,FICHIER AJOUTE,/var/www/CC/website/style/css/github.css
1,1,1,FICHIER AJOUTE,/var/www/CC/website/style/css/default.css
1,1,1,FICHIER AJOUTE,/var/www/CC/website/style/css/zenburn.css
1,1,1,FICHIER AJOUTE,/var/www/CC/website/style/css/atelier-heath-dark.css
1,1,1,FICHIER AJOUTE,/var/www/CC/website/style/css/atelier-estuary-light.css
1,1,1,FICHIER AJOUTE,/var/www/CC/website/style/css/ascetic.css
1,1,1,FICHIER AJOUTE,/var/www/CC/website/style/css/atelier-cave-light.css
1,1,1,FICHIER AJOUTE,/var/www/CC/website/style/css/xcode.css
1,1,1,FICHIER AJOUTE,/var/www/CC/website/style/css/pojoaque.css
1,1,1,FICHIER AJOUTE,/var/www/CC/website/style/css/atelier-plateau-light.css
1,1,1,FICHIER AJOUTE,/var/www/CC/website/style/css/atelier-lakeside-dark.css
1,1,1,FICHIER AJOUTE,/var/www/CC/website/style/css/idea.css
1,1,1,FICHIER AJOUTE,/var/www/CC/website/style/css/global.css
1,1,1,FICHIER AJOUTE,/var/www/CC/website/style/css/paraiso-dark.css
1,1,1,FICHIER AJOUTE,/var/www/CC/website/style/css/mono-blue.css
1,1,1,FICHIER AJOUTE,/var/www/CC/website/style/css/railscasts.css
1,1,1,FICHIER AJOUTE,/var/www/CC/website/style/css/atelier-seaside-light.css
1,1,1,FICHIER AJOUTE,/var/www/CC/website/style/css/kimbie.light.css
1,1,1,FICHIER AJOUTE,/var/www/CC/website/style/css/github-gist.css
1,1,1,FICHIER AJOUTE,/var/www/CC/website/style/css/atelier-cave-dark.css
1,1,1,FICHIER AJOUTE,/var/www/CC/website/style/css/hopscotch.css
1,1,1,FICHIER AJOUTE,/var/www/CC/website/style/css/tomorrow-night-eighties.css
1,1,1,FICHIER AJOUTE,/var/www/CC/website/style/css/tomorrow-night.css
1,1,1,FICHIER AJOUTE,/var/www/CC/website/style/css/atelier-plateau-dark.css
1,1,1,FICHIER AJOUTE,/var/www/CC/website/style/css/atelier-sulphurpool-light.css
1,1,1,FICHIER AJOUTE,/var/www/CC/website/style/css/codepen-embed.css
1,1,1,FICHIER AJOUTE,/var/www/CC/website/style/css/kimbie.dark.css
1,1,1,FICHIER AJOUTE,/var/www/CC/website/style/css/atelier-lakeside-light.css
1,1,1,FICHIER AJOUTE,/var/www/CC/website/style/css/hybrid.css
1,1,1,FICHIER AJOUTE,/var/www/CC/website/style/css/androidstudio.css
1,1,1,FICHIER AJOUTE,/var/www/CC/website/style/css/atelier-dune-dark.css
1,1,1,FICHIER AJOUTE,/var/www/CC/website/style/css/color-brewer.css
1,1,1,FICHIER AJOUTE,/var/www/CC/website/style/css/far.css
1,1,1,FICHIER AJOUTE,/var/www/CC/website/style/css/obsidian.css
1,1,1,FICHIER AJOUTE,/var/www/CC/website/style/css/brown-paper.css
1,1,1,FICHIER AJOUTE,/var/www/CC/website/style/css/sunburst.css
1,1,1,FICHIER AJOUTE,/var/www/CC/website/style/css/atelier-forest-light.css
1,1,1,FICHIER AJOUTE,/var/www/CC/website/style/css/atelier-forest-dark.css
1,1,1,FICHIER AJOUTE,/var/www/CC/website/style/css/arduino-light.css
1,1,1,FICHIER AJOUTE,/var/www/CC/website/style/css/atelier-savanna-light.css
1,1,1,FICHIER AJOUTE,/var/www/CC/website/style/css/googlecode.css
1,1,1,FICHIER AJOUTE,/var/www/CC/website/style/css/solarized-dark.css
1,1,1,FICHIER AJOUTE,/var/www/CC/website/style/css/docco.css
1,1,1,FICHIER AJOUTE,/var/www/CC/website/style/css/tomorrow.css
1,1,1,FICHIER AJOUTE,/var/www/CC/website/style/css/tomorrow-night-blue.css
1,1,1,FICHIER AJOUTE,/var/www/CC/website/style/css/monokai.css
1,1,1,FICHIER AJOUTE,/var/www/CC/website/style/css/tomorrow-night-bright.css
1,1,1,FICHIER AJOUTE,/var/www/CC/website/style/css/atelier-dune-light.css
1,1,1,FICHIER AJOUTE,/var/www/CC/website/style/css/bootstrap.css
1,1,1,FICHIER AJOUTE,/var/www/CC/website/style/css/ir-black.css
1,1,1,FICHIER AJOUTE,/var/www/CC/website/style/css/arta.css
1,1,1,FICHIER AJOUTE,/var/www/CC/website/style/css/grayscale.css
1,1,1,FICHIER AJOUTE,/var/www/CC/website/style/css/dark.css
1,1,1,FICHIER AJOUTE,/var/www/CC/website/style/css/monokai-sublime.css
1,1,1,FICHIER AJOUTE,/var/www/CC/website/style/css/solarized-light.css
1,1,1,FICHIER AJOUTE,/var/www/CC/website/style/css/magula.css
1,1,1,FICHIER AJOUTE,/var/www/CC/website/style/css/rainbow.css
1,0,1,DOSSIER AJOUTE,/var/www/CC/website/style/img/
1,1,1,FICHIER AJOUTE,/var/www/CC/website/style/img/backito.png
1,1,1,FICHIER AJOUTE,/var/www/CC/website/style/img/backitobody.png
1,1,1,FICHIER AJOUTE,/var/www/CC/website/style/img/bg_cubes.png
1,1,1,FICHIER AJOUTE,/var/www/CC/website/style/img/backitoqueue.png
2,1,1,FICHIER AJOUTE,/var/www/CC/test.pyc
2,1,1,FICHIER AJOUTE,/var/www/CC/.flooignore
2,1,1,FICHIER AJOUTE,/var/www/CC/main.php
2,1,1,FICHIER AJOUTE,/var/www/CC/.htaccess
2,1,1,FICHIER AJOUTE,/var/www/CC/.floo
2,1,1,FICHIER AJOUTE,/var/www/CC/test.py
2,1,1,FICHIER AJOUTE,/var/www/CC/untitled
2,1,1,FICHIER AJOUTE,/var/www/CC/FLOOBITS_README.md
2,1,1,FICHIER AJOUTE,/var/www/CC/cp.py
2,0,1,DOSSIER AJOUTE,/var/www/CC/scripts/
2,1,1,FICHIER AJOUTE,/var/www/CC/scripts/tata.zip
2,1,1,FICHIER AJOUTE,/var/www/CC/scripts/connect.py
2,1,1,FICHIER AJOUTE,/var/www/CC/scripts/etape2.py
2,1,1,FICHIER AJOUTE,/var/www/CC/scripts/antoine.py
2,1,1,FICHIER AJOUTE,/var/www/CC/scripts/daemonize.pyc
2,1,1,FICHIER AJOUTE,/var/www/CC/scripts/scp.py
2,1,1,FICHIER AJOUTE,/var/www/CC/scripts/testosterone.py
2,1,1,FICHIER AJOUTE,/var/www/CC/scripts/MANIFEST.in
2,1,1,FICHIER AJOUTE,/var/www/CC/scripts/CHANGELOG.md
2,1,1,FICHIER AJOUTE,/var/www/CC/scripts/test.py
2,1,1,FICHIER AJOUTE,/var/www/CC/scripts/bankito.py
2,1,1,FICHIER AJOUTE,/var/www/CC/scripts/autobackup
2,1,1,FICHIER AJOUTE,/var/www/CC/scripts/connect.py~
2,1,1,FICHIER AJOUTE,/var/www/CC/scripts/theo.py
2,1,1,FICHIER AJOUTE,/var/www/CC/scripts/.travis.yml
2,1,1,FICHIER AJOUTE,/var/www/CC/scripts/export_tmp_bankito.tar.gz
2,1,1,FICHIER AJOUTE,/var/www/CC/scripts/daemonize.py
2,1,1,FICHIER AJOUTE,/var/www/CC/scripts/test.txt
2,1,1,FICHIER AJOUTE,/var/www/CC/scripts/setup.py
2,1,1,FICHIER AJOUTE,/var/www/CC/scripts/etape1.py
2,1,1,FICHIER AJOUTE,/var/www/CC/scripts/cp.py
2,1,1,FICHIER AJOUTE,/var/www/CC/scripts/LICENSE.txt
2,1,1,FICHIER AJOUTE,/var/www/CC/scripts/README.rst
2,0,1,DOSSIER AJOUTE,/var/www/CC/scripts/build/
2,0,1,DOSSIER AJOUTE,/var/www/CC/scripts/build/lib/
2,1,1,FICHIER AJOUTE,/var/www/CC/scripts/build/lib/scp.py
2,0,1,DOSSIER AJOUTE,/var/www/CC/scripts/build/bdist.linux-x86_64/
2,0,1,DOSSIER AJOUTE,/var/www/CC/scripts/scp/
2,1,1,FICHIER AJOUTE,/var/www/CC/scripts/scp/scp.py
2,1,1,FICHIER AJOUTE,/var/www/CC/scripts/scp/MANIFEST.in
2,1,1,FICHIER AJOUTE,/var/www/CC/scripts/scp/CHANGELOG.md
2,1,1,FICHIER AJOUTE,/var/www/CC/scripts/scp/test.py
2,1,1,FICHIER AJOUTE,/var/www/CC/scripts/scp/.travis.yml
2,1,1,FICHIER AJOUTE,/var/www/CC/scripts/scp/setup.py
2,1,1,FICHIER AJOUTE,/var/www/CC/scripts/scp/LICENSE.txt
2,1,1,FICHIER AJOUTE,/var/www/CC/scripts/scp/README.rst
2,0,1,DOSSIER AJOUTE,/var/www/CC/scripts/scp/build/
2,0,1,DOSSIER AJOUTE,/var/www/CC/scripts/scp/build/lib/
2,1,1,FICHIER AJOUTE,/var/www/CC/scripts/scp/build/lib/scp.py
2,0,1,DOSSIER AJOUTE,/var/www/CC/scripts/scp/build/bdist.linux-x86_64/
2,0,1,DOSSIER AJOUTE,/var/www/CC/scripts/scp/.travis/
2,1,1,FICHIER AJOUTE,/var/www/CC/scripts/scp/.travis/setup_ssh.sh
2,0,1,DOSSIER AJOUTE,/var/www/CC/scripts/scp/scp.egg-info/
2,1,1,FICHIER AJOUTE,/var/www/CC/scripts/scp/scp.egg-info/SOURCES.txt
2,1,1,FICHIER AJOUTE,/var/www/CC/scripts/scp/scp.egg-info/top_level.txt
2,1,1,FICHIER AJOUTE,/var/www/CC/scripts/scp/scp.egg-info/dependency_links.txt
2,1,1,FICHIER AJOUTE,/var/www/CC/scripts/scp/scp.egg-info/PKG-INFO
2,1,1,FICHIER AJOUTE,/var/www/CC/scripts/scp/scp.egg-info/requires.txt
2,0,1,DOSSIER AJOUTE,/var/www/CC/scripts/scp/.git/
2,1,1,FICHIER AJOUTE,/var/www/CC/scripts/scp/.git/description
2,1,1,FICHIER AJOUTE,/var/www/CC/scripts/scp/.git/index
2,1,1,FICHIER AJOUTE,/var/www/CC/scripts/scp/.git/HEAD
2,1,1,FICHIER AJOUTE,/var/www/CC/scripts/scp/.git/config
2,1,1,FICHIER AJOUTE,/var/www/CC/scripts/scp/.git/FETCH_HEAD
2,0,1,DOSSIER AJOUTE,/var/www/CC/scripts/scp/.git/refs/
2,0,1,DOSSIER AJOUTE,/var/www/CC/scripts/scp/.git/refs/tags/
2,0,1,DOSSIER AJOUTE,/var/www/CC/scripts/scp/.git/refs/heads/
2,1,1,FICHIER AJOUTE,/var/www/CC/scripts/scp/.git/refs/heads/master
2,0,1,DOSSIER AJOUTE,/var/www/CC/scripts/scp/.git/objects/
2,0,1,DOSSIER AJOUTE,/var/www/CC/scripts/scp/.git/objects/pack/
2,1,1,FICHIER AJOUTE,/var/www/CC/scripts/scp/.git/objects/pack/pack-8046bde57091af82da79fef272f87314bb2c42e8.idx
2,1,1,FICHIER AJOUTE,/var/www/CC/scripts/scp/.git/objects/pack/pack-8046bde57091af82da79fef272f87314bb2c42e8.pack
2,0,1,DOSSIER AJOUTE,/var/www/CC/scripts/scp/.git/objects/info/
2,0,1,DOSSIER AJOUTE,/var/www/CC/scripts/scp/.git/hooks/
2,1,1,FICHIER AJOUTE,/var/www/CC/scripts/scp/.git/hooks/pre-applypatch.sample
2,1,1,FICHIER AJOUTE,/var/www/CC/scripts/scp/.git/hooks/update.sample
2,1,1,FICHIER AJOUTE,/var/www/CC/scripts/scp/.git/hooks/applypatch-msg.sample
2,1,1,FICHIER AJOUTE,/var/www/CC/scripts/scp/.git/hooks/commit-msg.sample
2,1,1,FICHIER AJOUTE,/var/www/CC/scripts/scp/.git/hooks/pre-push.sample
2,1,1,FICHIER AJOUTE,/var/www/CC/scripts/scp/.git/hooks/prepare-commit-msg.sample
2,1,1,FICHIER AJOUTE,/var/www/CC/scripts/scp/.git/hooks/pre-commit.sample
2,1,1,FICHIER AJOUTE,/var/www/CC/scripts/scp/.git/hooks/pre-rebase.sample
2,1,1,FICHIER AJOUTE,/var/www/CC/scripts/scp/.git/hooks/post-update.sample
2,0,1,DOSSIER AJOUTE,/var/www/CC/scripts/scp/.git/logs/
2,1,1,FICHIER AJOUTE,/var/www/CC/scripts/scp/.git/logs/HEAD
2,0,1,DOSSIER AJOUTE,/var/www/CC/scripts/scp/.git/logs/refs/
2,0,1,DOSSIER AJOUTE,/var/www/CC/scripts/scp/.git/logs/refs/heads/
2,1,1,FICHIER AJOUTE,/var/www/CC/scripts/scp/.git/logs/refs/heads/master
2,0,1,DOSSIER AJOUTE,/var/www/CC/scripts/scp/.git/info/
2,1,1,FICHIER AJOUTE,/var/www/CC/scripts/scp/.git/info/exclude
2,0,1,DOSSIER AJOUTE,/var/www/CC/scripts/scp/.git/branches/
2,0,1,DOSSIER AJOUTE,/var/www/CC/scripts/scp/__pycache__/
2,1,1,FICHIER AJOUTE,/var/www/CC/scripts/scp/__pycache__/scp.cpython-34.pyc
2,0,1,DOSSIER AJOUTE,/var/www/CC/scripts/scp/dist/
2,1,1,FICHIER AJOUTE,/var/www/CC/scripts/scp/dist/scp-0.10.2-py3.4.egg
2,0,1,DOSSIER AJOUTE,/var/www/CC/scripts/.travis/
2,1,1,FICHIER AJOUTE,/var/www/CC/scripts/.travis/setup_ssh.sh
2,0,1,DOSSIER AJOUTE,/var/www/CC/scripts/scp.egg-info/
2,1,1,FICHIER AJOUTE,/var/www/CC/scripts/scp.egg-info/SOURCES.txt
2,1,1,FICHIER AJOUTE,/var/www/CC/scripts/scp.egg-info/top_level.txt
2,1,1,FICHIER AJOUTE,/var/www/CC/scripts/scp.egg-info/dependency_links.txt
2,1,1,FICHIER AJOUTE,/var/www/CC/scripts/scp.egg-info/PKG-INFO
2,1,1,FICHIER AJOUTE,/var/www/CC/scripts/scp.egg-info/requires.txt
2,0,1,DOSSIER AJOUTE,/var/www/CC/scripts/scripts/
2,1,1,FICHIER AJOUTE,/var/www/CC/scripts/scripts/connect.py
2,1,1,FICHIER AJOUTE,/var/www/CC/scripts/scripts/antoine.py
2,1,1,FICHIER AJOUTE,/var/www/CC/scripts/scripts/testosterone.py
2,1,1,FICHIER AJOUTE,/var/www/CC/scripts/scripts/cron.py
2,1,1,FICHIER AJOUTE,/var/www/CC/scripts/scripts/1454602169.9845166.tar.gz
2,0,1,DOSSIER AJOUTE,/var/www/CC/scripts/.git/
2,1,1,FICHIER AJOUTE,/var/www/CC/scripts/.git/description
2,1,1,FICHIER AJOUTE,/var/www/CC/scripts/.git/index
2,1,1,FICHIER AJOUTE,/var/www/CC/scripts/.git/HEAD
2,1,1,FICHIER AJOUTE,/var/www/CC/scripts/.git/config
2,1,1,FICHIER AJOUTE,/var/www/CC/scripts/.git/FETCH_HEAD
2,0,1,DOSSIER AJOUTE,/var/www/CC/scripts/.git/refs/
2,0,1,DOSSIER AJOUTE,/var/www/CC/scripts/.git/refs/tags/
2,0,1,DOSSIER AJOUTE,/var/www/CC/scripts/.git/refs/heads/
2,1,1,FICHIER AJOUTE,/var/www/CC/scripts/.git/refs/heads/master
2,0,1,DOSSIER AJOUTE,/var/www/CC/scripts/.git/objects/
2,0,1,DOSSIER AJOUTE,/var/www/CC/scripts/.git/objects/pack/
2,1,1,FICHIER AJOUTE,/var/www/CC/scripts/.git/objects/pack/pack-8046bde57091af82da79fef272f87314bb2c42e8.idx
2,1,1,FICHIER AJOUTE,/var/www/CC/scripts/.git/objects/pack/pack-8046bde57091af82da79fef272f87314bb2c42e8.pack
2,0,1,DOSSIER AJOUTE,/var/www/CC/scripts/.git/objects/info/
2,0,1,DOSSIER AJOUTE,/var/www/CC/scripts/.git/hooks/
2,1,1,FICHIER AJOUTE,/var/www/CC/scripts/.git/hooks/pre-applypatch.sample
2,1,1,FICHIER AJOUTE,/var/www/CC/scripts/.git/hooks/update.sample
2,1,1,FICHIER AJOUTE,/var/www/CC/scripts/.git/hooks/applypatch-msg.sample
2,1,1,FICHIER AJOUTE,/var/www/CC/scripts/.git/hooks/commit-msg.sample
2,1,1,FICHIER AJOUTE,/var/www/CC/scripts/.git/hooks/pre-push.sample
2,1,1,FICHIER AJOUTE,/var/www/CC/scripts/.git/hooks/prepare-commit-msg.sample
2,1,1,FICHIER AJOUTE,/var/www/CC/scripts/.git/hooks/pre-commit.sample
2,1,1,FICHIER AJOUTE,/var/www/CC/scripts/.git/hooks/pre-rebase.sample
2,1,1,FICHIER AJOUTE,/var/www/CC/scripts/.git/hooks/post-update.sample
2,0,1,DOSSIER AJOUTE,/var/www/CC/scripts/.git/logs/
2,1,1,FICHIER AJOUTE,/var/www/CC/scripts/.git/logs/HEAD
2,0,1,DOSSIER AJOUTE,/var/www/CC/scripts/.git/logs/refs/
2,0,1,DOSSIER AJOUTE,/var/www/CC/scripts/.git/logs/refs/heads/
2,1,1,FICHIER AJOUTE,/var/www/CC/scripts/.git/logs/refs/heads/master
2,0,1,DOSSIER AJOUTE,/var/www/CC/scripts/.git/info/
2,1,1,FICHIER AJOUTE,/var/www/CC/scripts/.git/info/exclude
2,0,1,DOSSIER AJOUTE,/var/www/CC/scripts/.git/branches/
2,0,1,DOSSIER AJOUTE,/var/www/CC/scripts/__pycache__/
2,1,1,FICHIER AJOUTE,/var/www/CC/scripts/__pycache__/daemonize.cpython-34.pyc
2,1,1,FICHIER AJOUTE,/var/www/CC/scripts/__pycache__/scp.cpython-34.pyc
2,0,1,DOSSIER AJOUTE,/var/www/CC/scripts/dist/
2,1,1,FICHIER AJOUTE,/var/www/CC/scripts/dist/scp-0.10.2-py3.4.egg
2,0,1,DOSSIER AJOUTE,/var/www/CC/SERVER/
2,1,1,FICHIER AJOUTE,/var/www/CC/SERVER/main.php
2,1,1,FICHIER AJOUTE,/var/www/CC/SERVER/api.php
2,1,1,FICHIER AJOUTE,/var/www/CC/SERVER/ddl.php
2,1,1,FICHIER AJOUTE,/var/www/CC/SERVER/apimd5test.php
2,1,1,FICHIER AJOUTE,/var/www/CC/SERVER/test.php
2,1,1,FICHIER AJOUTE,/var/www/CC/SERVER/user.php
2,1,1,FICHIER AJOUTE,/var/www/CC/SERVER/db.php
2,1,1,FICHIER AJOUTE,/var/www/CC/SERVER/size.php
2,1,1,FICHIER AJOUTE,/var/www/CC/SERVER/sendtest.php
2,0,1,DOSSIER AJOUTE,/var/www/CC/SERVER/site/
2,1,1,FICHIER AJOUTE,/var/www/CC/SERVER/site/index.html
2,0,1,DOSSIER AJOUTE,/var/www/CC/SERVER/backups/
2,0,1,DOSSIER AJOUTE,/var/www/CC/SERVER/backups/bob/
2,1,1,FICHIER AJOUTE,/var/www/CC/SERVER/backups/bob/backup.log
2,0,1,DOSSIER AJOUTE,/var/www/CC/SERVER/backups/bob/tesasdfasdfasdfasdf/
2,1,1,FICHIER AJOUTE,/var/www/CC/SERVER/backups/bob/tesasdfasdfasdfasdf/version.log
2,1,1,FICHIER AJOUTE,/var/www/CC/SERVER/backups/bob/tesasdfasdfasdfasdf/1.zip
2,0,1,DOSSIER AJOUTE,/
2,0,1,DOSSIER AJOUTE,/home/
2,0,1,DOSSIER AJOUTE,/home/massar_t/
2,1,1,FICHIER AJOUTE,/home/massar_t/mabite.py
2,1,1,FICHIER AJOUTE,/home/massar_t/.bash_logout
2,1,1,FICHIER AJOUTE,/home/massar_t/.bash_profile
2,1,1,FICHIER AJOUTE,/home/massar_t/.bashrc
2,1,1,FICHIER AJOUTE,/home/massar_t/.profile
2,1,1,FICHIER AJOUTE,/home/massar_t/.python_history
2,1,1,FICHIER AJOUTE,/home/massar_t/main.py
2,1,1,FICHIER AJOUTE,/home/massar_t/tesasdfasdfasdfasdf.zip
2,1,1,FICHIER AJOUTE,/home/massar_t/.bash_profile~
2,0,1,DOSSIER AJOUTE,/home/massar_t/.emacs.d/
2,0,1,DOSSIER AJOUTE,/home/massar_t/.emacs.d/auto-save-list/
2,0,1,DOSSIER AJOUTE,/var/www/CC/SERVER/backups/bob/toto/
2,1,1,FICHIER AJOUTE,/var/www/CC/SERVER/backups/bob/toto/version.log
2,1,1,FICHIER AJOUTE,/var/www/CC/SERVER/backups/bob/toto/1.zip
2,0,1,DOSSIER AJOUTE,/
2,0,1,DOSSIER AJOUTE,/var/
2,0,1,DOSSIER AJOUTE,/var/www/
2,0,1,DOSSIER AJOUTE,/var/www/CC/
2,0,1,DOSSIER AJOUTE,/var/www/CC/scripts/
2,0,1,DOSSIER AJOUTE,/var/www/CC/scripts/scp/
2,1,1,FICHIER AJOUTE,/var/www/CC/scripts/scp/scp.py
2,1,1,FICHIER AJOUTE,/var/www/CC/scripts/scp/MANIFEST.in
2,1,1,FICHIER AJOUTE,/var/www/CC/scripts/scp/CHANGELOG.md
2,1,1,FICHIER AJOUTE,/var/www/CC/scripts/scp/test.py
2,1,1,FICHIER AJOUTE,/var/www/CC/scripts/scp/.travis.yml
2,1,1,FICHIER AJOUTE,/var/www/CC/scripts/scp/setup.py
2,1,1,FICHIER AJOUTE,/var/www/CC/scripts/scp/LICENSE.txt
2,1,1,FICHIER AJOUTE,/var/www/CC/scripts/scp/README.rst
2,0,1,DOSSIER AJOUTE,/var/www/CC/scripts/scp/build/
2,0,1,DOSSIER AJOUTE,/var/www/CC/scripts/scp/build/lib/
2,1,1,FICHIER AJOUTE,/var/www/CC/scripts/scp/build/lib/scp.py
2,0,1,DOSSIER AJOUTE,/var/www/CC/scripts/scp/build/bdist.linux-x86_64/
2,0,1,DOSSIER AJOUTE,/var/www/CC/scripts/scp/.travis/
2,1,1,FICHIER AJOUTE,/var/www/CC/scripts/scp/.travis/setup_ssh.sh
2,0,1,DOSSIER AJOUTE,/var/www/CC/scripts/scp/scp.egg-info/
2,1,1,FICHIER AJOUTE,/var/www/CC/scripts/scp/scp.egg-info/SOURCES.txt
2,1,1,FICHIER AJOUTE,/var/www/CC/scripts/scp/scp.egg-info/top_level.txt
2,1,1,FICHIER AJOUTE,/var/www/CC/scripts/scp/scp.egg-info/dependency_links.txt
2,1,1,FICHIER AJOUTE,/var/www/CC/scripts/scp/scp.egg-info/PKG-INFO
2,1,1,FICHIER AJOUTE,/var/www/CC/scripts/scp/scp.egg-info/requires.txt
2,0,1,DOSSIER AJOUTE,/var/www/CC/scripts/scp/.git/
2,1,1,FICHIER AJOUTE,/var/www/CC/scripts/scp/.git/description
2,1,1,FICHIER AJOUTE,/var/www/CC/scripts/scp/.git/index
2,1,1,FICHIER AJOUTE,/var/www/CC/scripts/scp/.git/HEAD
2,1,1,FICHIER AJOUTE,/var/www/CC/scripts/scp/.git/config
2,1,1,FICHIER AJOUTE,/var/www/CC/scripts/scp/.git/FETCH_HEAD
2,0,1,DOSSIER AJOUTE,/var/www/CC/scripts/scp/.git/refs/
2,0,1,DOSSIER AJOUTE,/var/www/CC/scripts/scp/.git/refs/tags/
2,0,1,DOSSIER AJOUTE,/var/www/CC/scripts/scp/.git/refs/heads/
2,1,1,FICHIER AJOUTE,/var/www/CC/scripts/scp/.git/refs/heads/master
2,0,1,DOSSIER AJOUTE,/var/www/CC/scripts/scp/.git/objects/
2,0,1,DOSSIER AJOUTE,/var/www/CC/scripts/scp/.git/objects/pack/
2,1,1,FICHIER AJOUTE,/var/www/CC/scripts/scp/.git/objects/pack/pack-8046bde57091af82da79fef272f87314bb2c42e8.idx
2,1,1,FICHIER AJOUTE,/var/www/CC/scripts/scp/.git/objects/pack/pack-8046bde57091af82da79fef272f87314bb2c42e8.pack
2,0,1,DOSSIER AJOUTE,/var/www/CC/scripts/scp/.git/objects/info/
2,0,1,DOSSIER AJOUTE,/var/www/CC/scripts/scp/.git/hooks/
2,1,1,FICHIER AJOUTE,/var/www/CC/scripts/scp/.git/hooks/pre-applypatch.sample
2,1,1,FICHIER AJOUTE,/var/www/CC/scripts/scp/.git/hooks/update.sample
2,1,1,FICHIER AJOUTE,/var/www/CC/scripts/scp/.git/hooks/applypatch-msg.sample
2,1,1,FICHIER AJOUTE,/var/www/CC/scripts/scp/.git/hooks/commit-msg.sample
2,1,1,FICHIER AJOUTE,/var/www/CC/scripts/scp/.git/hooks/pre-push.sample
2,1,1,FICHIER AJOUTE,/var/www/CC/scripts/scp/.git/hooks/prepare-commit-msg.sample
2,1,1,FICHIER AJOUTE,/var/www/CC/scripts/scp/.git/hooks/pre-commit.sample
2,1,1,FICHIER AJOUTE,/var/www/CC/scripts/scp/.git/hooks/pre-rebase.sample
2,1,1,FICHIER AJOUTE,/var/www/CC/scripts/scp/.git/hooks/post-update.sample
2,0,1,DOSSIER AJOUTE,/var/www/CC/scripts/scp/.git/logs/
2,1,1,FICHIER AJOUTE,/var/www/CC/scripts/scp/.git/logs/HEAD
2,0,1,DOSSIER AJOUTE,/var/www/CC/scripts/scp/.git/logs/refs/
2,0,1,DOSSIER AJOUTE,/var/www/CC/scripts/scp/.git/logs/refs/heads/
2,1,1,FICHIER AJOUTE,/var/www/CC/scripts/scp/.git/logs/refs/heads/master
2,0,1,DOSSIER AJOUTE,/var/www/CC/scripts/scp/.git/info/
2,1,1,FICHIER AJOUTE,/var/www/CC/scripts/scp/.git/info/exclude
2,0,1,DOSSIER AJOUTE,/var/www/CC/scripts/scp/.git/branches/
2,0,1,DOSSIER AJOUTE,/var/www/CC/scripts/scp/__pycache__/
2,1,1,FICHIER AJOUTE,/var/www/CC/scripts/scp/__pycache__/scp.cpython-34.pyc
2,0,1,DOSSIER AJOUTE,/var/www/CC/scripts/scp/dist/
2,1,1,FICHIER AJOUTE,/var/www/CC/scripts/scp/dist/scp-0.10.2-py3.4.egg
2,0,1,DOSSIER AJOUTE,/var/www/CC/SERVER/backups/bob/niquez vous/
2,1,1,FICHIER AJOUTE,/var/www/CC/SERVER/backups/bob/niquez vous/2.zip
2,1,1,FICHIER AJOUTE,/var/www/CC/SERVER/backups/bob/niquez vous/version.log
2,1,1,FICHIER AJOUTE,/var/www/CC/SERVER/backups/bob/niquez vous/3.zip
2,1,1,FICHIER AJOUTE,/var/www/CC/SERVER/backups/bob/niquez vous/1.zip
2,0,1,DOSSIER AJOUTE,/
2,0,1,DOSSIER AJOUTE,/home/
2,0,1,DOSSIER AJOUTE,/home/massar_t/
2,1,1,FICHIER AJOUTE,/home/massar_t/mabite.py
2,1,1,FICHIER AJOUTE,/home/massar_t/.bash_logout
2,1,1,FICHIER AJOUTE,/home/massar_t/.bash_history
2,1,1,FICHIER AJOUTE,/home/massar_t/.bash_profile
2,1,1,FICHIER AJOUTE,/home/massar_t/.bashrc
2,1,1,FICHIER AJOUTE,/home/massar_t/.profile
2,1,1,FICHIER AJOUTE,/home/massar_t/.python_history
2,1,1,FICHIER AJOUTE,/home/massar_t/save_bak
2,1,1,FICHIER AJOUTE,/home/massar_t/main.py
2,1,1,FICHIER AJOUTE,/home/massar_t/tesasdfasdfasdfasdf.zip
2,1,1,FICHIER AJOUTE,/home/massar_t/.bakito.json~
2,1,1,FICHIER AJOUTE,/home/massar_t/.bash_profile~
2,0,1,DOSSIER AJOUTE,/home/massar_t/.emacs.d/
2,0,1,DOSSIER AJOUTE,/home/massar_t/.emacs.d/auto-save-list/
2,0,1,DOSSIER AJOUTE,/var/www/CC/SERVER/backups/bob/test/
2,1,1,FICHIER AJOUTE,/var/www/CC/SERVER/backups/bob/test/version.log
2,1,1,FICHIER AJOUTE,/var/www/CC/SERVER/backups/bob/test/1.zip
2,0,1,DOSSIER AJOUTE,/
2,0,1,DOSSIER AJOUTE,/home/
2,0,1,DOSSIER AJOUTE,/home/martin_e/
2,1,1,FICHIER AJOUTE,/home/martin_e/.selected_editor
2,1,1,FICHIER AJOUTE,/home/martin_e/.bash_logout
2,1,1,FICHIER AJOUTE,/home/martin_e/.bash_history
2,1,1,FICHIER AJOUTE,/home/martin_e/.bashrc
2,1,1,FICHIER AJOUTE,/home/martin_e/.profile
2,1,1,FICHIER AJOUTE,/home/martin_e/.python_history
2,0,1,DOSSIER AJOUTE,/home/martin_e/.emacs.d/
2,0,1,DOSSIER AJOUTE,/home/martin_e/.emacs.d/auto-save-list/
2,0,1,DOSSIER AJOUTE,/var/www/CC/SERVER/backups/bob/tata/
2,1,1,FICHIER AJOUTE,/var/www/CC/SERVER/backups/bob/tata/version.log
2,1,1,FICHIER AJOUTE,/var/www/CC/SERVER/backups/bob/tata/1.zip
2,0,1,DOSSIER AJOUTE,/
2,0,1,DOSSIER AJOUTE,/var/
2,0,1,DOSSIER AJOUTE,/var/www/
2,0,1,DOSSIER AJOUTE,/var/www/CC/
2,0,1,DOSSIER AJOUTE,/var/www/CC/website/
2,1,1,FICHIER AJOUTE,/var/www/CC/website/pojoaque.jpg
2,1,1,FICHIER AJOUTE,/var/www/CC/website/index.php
2,1,1,FICHIER AJOUTE,/var/www/CC/website/brown-papersq.png
2,1,1,FICHIER AJOUTE,/var/www/CC/website/school-book.png
2,0,1,DOSSIER AJOUTE,/var/www/CC/website/include/
2,1,1,FICHIER AJOUTE,/var/www/CC/website/include/footer.php
2,1,1,FICHIER AJOUTE,/var/www/CC/website/include/file.php
2,1,1,FICHIER AJOUTE,/var/www/CC/website/include/head.php
2,1,1,FICHIER AJOUTE,/var/www/CC/website/include/function.php
2,1,1,FICHIER AJOUTE,/var/www/CC/website/include/header.php
2,1,1,FICHIER AJOUTE,/var/www/CC/website/include/connect.php
2,0,1,DOSSIER AJOUTE,/var/www/CC/website/js/
2,1,1,FICHIER AJOUTE,/var/www/CC/website/js/highlight.pack.js
2,1,1,FICHIER AJOUTE,/var/www/CC/website/js/npm.js
2,1,1,FICHIER AJOUTE,/var/www/CC/website/js/highlightjs.loader.min.js
2,1,1,FICHIER AJOUTE,/var/www/CC/website/js/bootstrap.js
2,1,1,FICHIER AJOUTE,/var/www/CC/website/js/bootstrap.min.js
2,0,1,DOSSIER AJOUTE,/var/www/CC/website/page/
2,1,1,FICHIER AJOUTE,/var/www/CC/website/page/download.php
2,1,1,FICHIER AJOUTE,/var/www/CC/website/page/deconnexion.php
2,1,1,FICHIER AJOUTE,/var/www/CC/website/page/test.php
2,1,1,FICHIER AJOUTE,/var/www/CC/website/page/backup.php
2,1,1,FICHIER AJOUTE,/var/www/CC/website/page/backups.php
2,1,1,FICHIER AJOUTE,/var/www/CC/website/page/home.php
2,0,1,DOSSIER AJOUTE,/var/www/CC/website/class/
2,1,1,FICHIER AJOUTE,/var/www/CC/website/class/file.php
2,1,1,FICHIER AJOUTE,/var/www/CC/website/class/backup.php
2,1,1,FICHIER AJOUTE,/var/www/CC/website/class/user.php
2,0,1,DOSSIER AJOUTE,/var/www/CC/website/script/
2,1,1,FICHIER AJOUTE,/var/www/CC/website/script/deconnexion.php
2,1,1,FICHIER AJOUTE,/var/www/CC/website/script/inscription.php
2,1,1,FICHIER AJOUTE,/var/www/CC/website/script/connexion.php
2,0,1,DOSSIER AJOUTE,/var/www/CC/website/config/
2,1,1,FICHIER AJOUTE,/var/www/CC/website/config/config.php
2,0,1,DOSSIER AJOUTE,/var/www/CC/website/style/
2,0,1,DOSSIER AJOUTE,/var/www/CC/website/style/fonts/
2,1,1,FICHIER AJOUTE,/var/www/CC/website/style/fonts/glyphicons-halflings-regular.eot
2,1,1,FICHIER AJOUTE,/var/www/CC/website/style/fonts/glyphicons-halflings-regular.woff
2,1,1,FICHIER AJOUTE,/var/www/CC/website/style/fonts/glyphicons-halflings-regular.svg
2,1,1,FICHIER AJOUTE,/var/www/CC/website/style/fonts/glyphicons-halflings-regular.woff2
2,1,1,FICHIER AJOUTE,/var/www/CC/website/style/fonts/glyphicons-halflings-regular.ttf
2,0,1,DOSSIER AJOUTE,/var/www/CC/website/style/css/
2,1,1,FICHIER AJOUTE,/var/www/CC/website/style/css/foundation.css
2,1,1,FICHIER AJOUTE,/var/www/CC/website/style/css/vs.css
2,1,1,FICHIER AJOUTE,/var/www/CC/website/style/css/paraiso-light.css
2,1,1,FICHIER AJOUTE,/var/www/CC/website/style/css/atelier-savanna-dark.css
2,1,1,FICHIER AJOUTE,/var/www/CC/website/style/css/atelier-estuary-dark.css
2,1,1,FICHIER AJOUTE,/var/www/CC/website/style/css/atelier-seaside-dark.css
2,1,1,FICHIER AJOUTE,/var/www/CC/website/style/css/atelier-sulphurpool-dark.css
2,1,1,FICHIER AJOUTE,/var/www/CC/website/style/css/darkula.css
2,1,1,FICHIER AJOUTE,/var/www/CC/website/style/css/atelier-heath-light.css
2,1,1,FICHIER AJOUTE,/var/www/CC/website/style/css/school-book.css
2,1,1,FICHIER AJOUTE,/var/www/CC/website/style/css/agate.css
2,1,1,FICHIER AJOUTE,/var/www/CC/website/style/css/github.css
2,1,1,FICHIER AJOUTE,/var/www/CC/website/style/css/default.css
2,1,1,FICHIER AJOUTE,/var/www/CC/website/style/css/zenburn.css
2,1,1,FICHIER AJOUTE,/var/www/CC/website/style/css/atelier-heath-dark.css
2,1,1,FICHIER AJOUTE,/var/www/CC/website/style/css/atelier-estuary-light.css
2,1,1,FICHIER AJOUTE,/var/www/CC/website/style/css/ascetic.css
2,1,1,FICHIER AJOUTE,/var/www/CC/website/style/css/atelier-cave-light.css
2,1,1,FICHIER AJOUTE,/var/www/CC/website/style/css/xcode.css
2,1,1,FICHIER AJOUTE,/var/www/CC/website/style/css/pojoaque.css
2,1,1,FICHIER AJOUTE,/var/www/CC/website/style/css/atelier-plateau-light.css
2,1,1,FICHIER AJOUTE,/var/www/CC/website/style/css/atelier-lakeside-dark.css
2,1,1,FICHIER AJOUTE,/var/www/CC/website/style/css/idea.css
2,1,1,FICHIER AJOUTE,/var/www/CC/website/style/css/global.css
2,1,1,FICHIER AJOUTE,/var/www/CC/website/style/css/paraiso-dark.css
2,1,1,FICHIER AJOUTE,/var/www/CC/website/style/css/mono-blue.css
2,1,1,FICHIER AJOUTE,/var/www/CC/website/style/css/railscasts.css
2,1,1,FICHIER AJOUTE,/var/www/CC/website/style/css/atelier-seaside-light.css
2,1,1,FICHIER AJOUTE,/var/www/CC/website/style/css/kimbie.light.css
2,1,1,FICHIER AJOUTE,/var/www/CC/website/style/css/github-gist.css
2,1,1,FICHIER AJOUTE,/var/www/CC/website/style/css/atelier-cave-dark.css
2,1,1,FICHIER AJOUTE,/var/www/CC/website/style/css/hopscotch.css
2,1,1,FICHIER AJOUTE,/var/www/CC/website/style/css/tomorrow-night-eighties.css
2,1,1,FICHIER AJOUTE,/var/www/CC/website/style/css/tomorrow-night.css
2,1,1,FICHIER AJOUTE,/var/www/CC/website/style/css/atelier-plateau-dark.css
2,1,1,FICHIER AJOUTE,/var/www/CC/website/style/css/atelier-sulphurpool-light.css
2,1,1,FICHIER AJOUTE,/var/www/CC/website/style/css/codepen-embed.css
2,1,1,FICHIER AJOUTE,/var/www/CC/website/style/css/kimbie.dark.css
2,1,1,FICHIER AJOUTE,/var/www/CC/website/style/css/atelier-lakeside-light.css
2,1,1,FICHIER AJOUTE,/var/www/CC/website/style/css/hybrid.css
2,1,1,FICHIER AJOUTE,/var/www/CC/website/style/css/androidstudio.css
2,1,1,FICHIER AJOUTE,/var/www/CC/website/style/css/atelier-dune-dark.css
2,1,1,FICHIER AJOUTE,/var/www/CC/website/style/css/color-brewer.css
2,1,1,FICHIER AJOUTE,/var/www/CC/website/style/css/far.css
2,1,1,FICHIER AJOUTE,/var/www/CC/website/style/css/obsidian.css
2,1,1,FICHIER AJOUTE,/var/www/CC/website/style/css/brown-paper.css
2,1,1,FICHIER AJOUTE,/var/www/CC/website/style/css/sunburst.css
2,1,1,FICHIER AJOUTE,/var/www/CC/website/style/css/atelier-forest-light.css
2,1,1,FICHIER AJOUTE,/var/www/CC/website/style/css/atelier-forest-dark.css
2,1,1,FICHIER AJOUTE,/var/www/CC/website/style/css/arduino-light.css
2,1,1,FICHIER AJOUTE,/var/www/CC/website/style/css/atelier-savanna-light.css
2,1,1,FICHIER AJOUTE,/var/www/CC/website/style/css/googlecode.css
2,1,1,FICHIER AJOUTE,/var/www/CC/website/style/css/solarized-dark.css
2,1,1,FICHIER AJOUTE,/var/www/CC/website/style/css/docco.css
2,1,1,FICHIER AJOUTE,/var/www/CC/website/style/css/tomorrow.css
2,1,1,FICHIER AJOUTE,/var/www/CC/website/style/css/tomorrow-night-blue.css
2,1,1,FICHIER AJOUTE,/var/www/CC/website/style/css/monokai.css
2,1,1,FICHIER AJOUTE,/var/www/CC/website/style/css/tomorrow-night-bright.css
2,1,1,FICHIER AJOUTE,/var/www/CC/website/style/css/atelier-dune-light.css
2,1,1,FICHIER AJOUTE,/var/www/CC/website/style/css/bootstrap.css
2,1,1,FICHIER AJOUTE,/var/www/CC/website/style/css/ir-black.css
2,1,1,FICHIER AJOUTE,/var/www/CC/website/style/css/arta.css
2,1,1,FICHIER AJOUTE,/var/www/CC/website/style/css/grayscale.css
2,1,1,FICHIER AJOUTE,/var/www/CC/website/style/css/dark.css
2,1,1,FICHIER AJOUTE,/var/www/CC/website/style/css/monokai-sublime.css
2,1,1,FICHIER AJOUTE,/var/www/CC/website/style/css/solarized-light.css
2,1,1,FICHIER AJOUTE,/var/www/CC/website/style/css/magula.css
2,1,1,FICHIER AJOUTE,/var/www/CC/website/style/css/rainbow.css
2,0,1,DOSSIER AJOUTE,/var/www/CC/website/style/img/
2,1,1,FICHIER AJOUTE,/var/www/CC/website/style/img/backito.png
2,1,1,FICHIER AJOUTE,/var/www/CC/website/style/img/backitobody.png
2,1,1,FICHIER AJOUTE,/var/www/CC/website/style/img/bg_cubes.png
2,1,1,FICHIER AJOUTE,/var/www/CC/website/style/img/backitoqueue.png
2,0,1,DOSSIER AJOUTE,/var/www/CC/SERVER/backups/Antoine/
2,0,1,DOSSIER AJOUTE,/var/www/CC/SERVER/tmp/
3,1,0,FICHIER SUPPRIME,/var/www/CC/.floo
3,1,0,FICHIER SUPPRIME,/var/www/CC/.flooignore
3,1,0,FICHIER SUPPRIME,/var/www/CC/.htaccess
3,1,0,FICHIER SUPPRIME,/var/www/CC/FLOOBITS_README.md
3,1,0,FICHIER SUPPRIME,/var/www/CC/SERVER/api.php
3,0,0,DOSSIER SUPPRIME,/var/www/CC/SERVER/backups/Antoine
3,0,0,DOSSIER SUPPRIME,/home/massar_t/.emacs.d/auto-save-list
3,0,0,DOSSIER SUPPRIME,/home/massar_t/.emacs.d
3,0,0,DOSSIER SUPPRIME,/home/massar_t/.emacs.d/auto-save-list
3,0,0,DOSSIER SUPPRIME,/home/massar_t/.emacs.d
3,0,0,DOSSIER SUPPRIME,/home/martin_e/.emacs.d/auto-save-list
3,0,0,DOSSIER SUPPRIME,/home/martin_e/.emacs.d
3,0,0,DOSSIER SUPPRIME,/var/www/CC/scripts/scp/.git/branches
3,0,0,DOSSIER SUPPRIME,/var/www/CC/scripts/scp/.git/objects/info
3,0,0,DOSSIER SUPPRIME,/var/www/CC/scripts/scp/.git/refs/tags
3,0,0,DOSSIER SUPPRIME,/var/www/CC/scripts/scp/build/bdist.linux-x86_64
3,0,0,DOSSIER SUPPRIME,/var/www/CC/SERVER/tmp
3,1,0,FICHIER SUPPRIME,/var/www/CC/SERVER/apimd5test.php
3,1,0,FICHIER SUPPRIME,/var/www/CC/SERVER/backups/bob/backup.log
3,1,0,FICHIER SUPPRIME,/var/www/CC/SERVER/backups/bob/niquez vous/1.zip
3,1,0,FICHIER SUPPRIME,/var/www/CC/SERVER/backups/bob/niquez vous/2.zip
3,1,0,FICHIER SUPPRIME,/var/www/CC/SERVER/backups/bob/niquez vous/3.zip
3,1,0,FICHIER SUPPRIME,/home/massar_t/.bakito.json~
3,1,0,FICHIER SUPPRIME,/home/massar_t/.bash_history
3,1,0,FICHIER SUPPRIME,/home/massar_t/.bash_logout
3,1,0,FICHIER SUPPRIME,/home/massar_t/.bash_profile
3,1,0,FICHIER SUPPRIME,/home/massar_t/.bash_profile~
3,1,0,FICHIER SUPPRIME,/home/massar_t/.bashrc
3,1,0,FICHIER SUPPRIME,/home/massar_t/.profile
3,1,0,FICHIER SUPPRIME,/home/massar_t/.python_history
3,1,0,FICHIER SUPPRIME,/home/massar_t/mabite.py
3,1,0,FICHIER SUPPRIME,/home/massar_t/main.py
3,1,0,FICHIER SUPPRIME,/home/massar_t/save_bak
3,1,0,FICHIER SUPPRIME,/home/massar_t/tesasdfasdfasdfasdf.zip
3,0,0,DOSSIER SUPPRIME,/home/massar_t
3,0,0,DOSSIER SUPPRIME,/home
3,0,0,DOSSIER SUPPRIME,
3,1,0,FICHIER SUPPRIME,/var/www/CC/SERVER/backups/bob/tata/1.zip
3,1,0,FICHIER SUPPRIME,/var/www/CC/website/brown-papersq.png
3,1,0,FICHIER SUPPRIME,/var/www/CC/website/class/backup.php
3,1,0,FICHIER SUPPRIME,/var/www/CC/website/class/file.php
3,1,0,FICHIER SUPPRIME,/var/www/CC/website/class/user.php
3,0,0,DOSSIER SUPPRIME,/var/www/CC/website/class
3,1,0,FICHIER SUPPRIME,/var/www/CC/website/config/config.php
3,0,0,DOSSIER SUPPRIME,/var/www/CC/website/config
3,1,0,FICHIER SUPPRIME,/var/www/CC/website/include/connect.php
3,1,0,FICHIER SUPPRIME,/var/www/CC/website/include/file.php
3,1,0,FICHIER SUPPRIME,/var/www/CC/website/include/footer.php
3,1,0,FICHIER SUPPRIME,/var/www/CC/website/include/function.php
3,1,0,FICHIER SUPPRIME,/var/www/CC/website/include/head.php
3,1,0,FICHIER SUPPRIME,/var/www/CC/website/include/header.php
3,0,0,DOSSIER SUPPRIME,/var/www/CC/website/include
3,1,0,FICHIER SUPPRIME,/var/www/CC/website/index.php
3,1,0,FICHIER SUPPRIME,/var/www/CC/website/js/bootstrap.js
3,1,0,FICHIER SUPPRIME,/var/www/CC/website/js/bootstrap.min.js
3,1,0,FICHIER SUPPRIME,/var/www/CC/website/js/highlight.pack.js
3,1,0,FICHIER SUPPRIME,/var/www/CC/website/js/highlightjs.loader.min.js
3,1,0,FICHIER SUPPRIME,/var/www/CC/website/js/npm.js
3,0,0,DOSSIER SUPPRIME,/var/www/CC/website/js
3,1,0,FICHIER SUPPRIME,/var/www/CC/website/page/backup.php
3,1,0,FICHIER SUPPRIME,/var/www/CC/website/page/backups.php
3,1,0,FICHIER SUPPRIME,/var/www/CC/website/page/deconnexion.php
3,1,0,FICHIER SUPPRIME,/var/www/CC/website/page/download.php
3,1,0,FICHIER SUPPRIME,/var/www/CC/website/page/home.php
3,1,0,FICHIER SUPPRIME,/var/www/CC/website/page/test.php
3,0,0,DOSSIER SUPPRIME,/var/www/CC/website/page
3,1,0,FICHIER SUPPRIME,/var/www/CC/website/pojoaque.jpg
3,1,0,FICHIER SUPPRIME,/var/www/CC/website/school-book.png
3,1,0,FICHIER SUPPRIME,/var/www/CC/website/script/connexion.php
3,1,0,FICHIER SUPPRIME,/var/www/CC/website/script/deconnexion.php
3,1,0,FICHIER SUPPRIME,/var/www/CC/website/script/inscription.php
3,0,0,DOSSIER SUPPRIME,/var/www/CC/website/script
3,1,0,FICHIER SUPPRIME,/var/www/CC/website/style/css/agate.css
3,1,0,FICHIER SUPPRIME,/var/www/CC/website/style/css/androidstudio.css
3,1,0,FICHIER SUPPRIME,/var/www/CC/website/style/css/arduino-light.css
3,1,0,FICHIER SUPPRIME,/var/www/CC/website/style/css/arta.css
3,1,0,FICHIER SUPPRIME,/var/www/CC/website/style/css/ascetic.css
3,1,0,FICHIER SUPPRIME,/var/www/CC/website/style/css/atelier-cave-dark.css
3,1,0,FICHIER SUPPRIME,/var/www/CC/website/style/css/atelier-cave-light.css
3,1,0,FICHIER SUPPRIME,/var/www/CC/website/style/css/atelier-dune-dark.css
3,1,0,FICHIER SUPPRIME,/var/www/CC/website/style/css/atelier-dune-light.css
3,1,0,FICHIER SUPPRIME,/var/www/CC/website/style/css/atelier-estuary-dark.css
3,1,0,FICHIER SUPPRIME,/var/www/CC/website/style/css/atelier-estuary-light.css
3,1,0,FICHIER SUPPRIME,/var/www/CC/website/style/css/atelier-forest-dark.css
3,1,0,FICHIER SUPPRIME,/var/www/CC/website/style/css/atelier-forest-light.css
3,1,0,FICHIER SUPPRIME,/var/www/CC/website/style/css/atelier-heath-dark.css
3,1,0,FICHIER SUPPRIME,/var/www/CC/website/style/css/atelier-heath-light.css
3,1,0,FICHIER SUPPRIME,/var/www/CC/website/style/css/atelier-lakeside-dark.css
3,1,0,FICHIER SUPPRIME,/var/www/CC/website/style/css/atelier-lakeside-light.css
3,1,0,FICHIER SUPPRIME,/var/www/CC/website/style/css/atelier-plateau-dark.css
3,1,0,FICHIER SUPPRIME,/var/www/CC/website/style/css/atelier-plateau-light.css
3,1,0,FICHIER SUPPRIME,/var/www/CC/website/style/css/atelier-savanna-dark.css
3,1,0,FICHIER SUPPRIME,/var/www/CC/website/style/css/atelier-savanna-light.css
3,1,0,FICHIER SUPPRIME,/var/www/CC/website/style/css/atelier-seaside-dark.css
3,1,0,FICHIER SUPPRIME,/var/www/CC/website/style/css/atelier-seaside-light.css
3,1,0,FICHIER SUPPRIME,/var/www/CC/website/style/css/atelier-sulphurpool-dark.css
3,1,0,FICHIER SUPPRIME,/var/www/CC/website/style/css/atelier-sulphurpool-light.css
3,1,0,FICHIER SUPPRIME,/var/www/CC/website/style/css/bootstrap.css
3,1,0,FICHIER SUPPRIME,/var/www/CC/website/style/css/brown-paper.css
3,1,0,FICHIER SUPPRIME,/var/www/CC/website/style/css/codepen-embed.css
3,1,0,FICHIER SUPPRIME,/var/www/CC/website/style/css/color-brewer.css
3,1,0,FICHIER SUPPRIME,/var/www/CC/website/style/css/dark.css
3,1,0,FICHIER SUPPRIME,/var/www/CC/website/style/css/darkula.css
3,1,0,FICHIER SUPPRIME,/var/www/CC/website/style/css/default.css
3,1,0,FICHIER SUPPRIME,/var/www/CC/website/style/css/docco.css
3,1,0,FICHIER SUPPRIME,/var/www/CC/website/style/css/far.css
3,1,0,FICHIER SUPPRIME,/var/www/CC/website/style/css/foundation.css
3,1,0,FICHIER SUPPRIME,/var/www/CC/website/style/css/github-gist.css
3,1,0,FICHIER SUPPRIME,/var/www/CC/website/style/css/github.css
3,1,0,FICHIER SUPPRIME,/var/www/CC/website/style/css/global.css
3,1,0,FICHIER SUPPRIME,/var/www/CC/website/style/css/googlecode.css
3,1,0,FICHIER SUPPRIME,/var/www/CC/website/style/css/grayscale.css
3,1,0,FICHIER SUPPRIME,/var/www/CC/website/style/css/hopscotch.css
3,1,0,FICHIER SUPPRIME,/var/www/CC/website/style/css/hybrid.css
3,1,0,FICHIER SUPPRIME,/var/www/CC/website/style/css/idea.css
3,1,0,FICHIER SUPPRIME,/var/www/CC/website/style/css/ir-black.css
3,1,0,FICHIER SUPPRIME,/var/www/CC/website/style/css/kimbie.dark.css
3,1,0,FICHIER SUPPRIME,/var/www/CC/website/style/css/kimbie.light.css
3,1,0,FICHIER SUPPRIME,/var/www/CC/website/style/css/magula.css
3,1,0,FICHIER SUPPRIME,/var/www/CC/website/style/css/mono-blue.css
3,1,0,FICHIER SUPPRIME,/var/www/CC/website/style/css/monokai-sublime.css
3,1,0,FICHIER SUPPRIME,/var/www/CC/website/style/css/monokai.css
3,1,0,FICHIER SUPPRIME,/var/www/CC/website/style/css/obsidian.css
3,1,0,FICHIER SUPPRIME,/var/www/CC/website/style/css/paraiso-dark.css
3,1,0,FICHIER SUPPRIME,/var/www/CC/website/style/css/paraiso-light.css
3,1,0,FICHIER SUPPRIME,/var/www/CC/website/style/css/pojoaque.css
3,1,0,FICHIER SUPPRIME,/var/www/CC/website/style/css/railscasts.css
3,1,0,FICHIER SUPPRIME,/var/www/CC/website/style/css/rainbow.css
3,1,0,FICHIER SUPPRIME,/var/www/CC/website/style/css/school-book.css
3,1,0,FICHIER SUPPRIME,/var/www/CC/website/style/css/solarized-dark.css
3,1,0,FICHIER SUPPRIME,/var/www/CC/website/style/css/solarized-light.css
3,1,0,FICHIER SUPPRIME,/var/www/CC/website/style/css/sunburst.css
3,1,0,FICHIER SUPPRIME,/var/www/CC/website/style/css/tomorrow-night-blue.css
3,1,0,FICHIER SUPPRIME,/var/www/CC/website/style/css/tomorrow-night-bright.css
3,1,0,FICHIER SUPPRIME,/var/www/CC/website/style/css/tomorrow-night-eighties.css
3,1,0,FICHIER SUPPRIME,/var/www/CC/website/style/css/tomorrow-night.css
3,1,0,FICHIER SUPPRIME,/var/www/CC/website/style/css/tomorrow.css
3,1,0,FICHIER SUPPRIME,/var/www/CC/website/style/css/vs.css
3,1,0,FICHIER SUPPRIME,/var/www/CC/website/style/css/xcode.css
3,1,0,FICHIER SUPPRIME,/var/www/CC/website/style/css/zenburn.css
3,0,0,DOSSIER SUPPRIME,/var/www/CC/website/style/css
3,1,0,FICHIER SUPPRIME,/var/www/CC/website/style/fonts/glyphicons-halflings-regular.eot
3,1,0,FICHIER SUPPRIME,/var/www/CC/website/style/fonts/glyphicons-halflings-regular.svg
3,1,0,FICHIER SUPPRIME,/var/www/CC/website/style/fonts/glyphicons-halflings-regular.ttf
3,1,0,FICHIER SUPPRIME,/var/www/CC/website/style/fonts/glyphicons-halflings-regular.woff
3,1,0,FICHIER SUPPRIME,/var/www/CC/website/style/fonts/glyphicons-halflings-regular.woff2
3,0,0,DOSSIER SUPPRIME,/var/www/CC/website/style/fonts
3,1,0,FICHIER SUPPRIME,/var/www/CC/website/style/img/backito.png
3,1,0,FICHIER SUPPRIME,/var/www/CC/website/style/img/backitobody.png
3,1,0,FICHIER SUPPRIME,/var/www/CC/website/style/img/backitoqueue.png
3,1,0,FICHIER SUPPRIME,/var/www/CC/website/style/img/bg_cubes.png
3,0,0,DOSSIER SUPPRIME,/var/www/CC/website/style/img
3,0,0,DOSSIER SUPPRIME,/var/www/CC/website/style
3,0,0,DOSSIER SUPPRIME,/var/www/CC/website
3,0,0,DOSSIER SUPPRIME,/var/www/CC
3,0,0,DOSSIER SUPPRIME,/var/www
3,0,0,DOSSIER SUPPRIME,/var
3,0,0,DOSSIER SUPPRIME,
3,1,0,FICHIER SUPPRIME,/var/www/CC/SERVER/backups/bob/tesasdfasdfasdfasdf/1.zip
3,1,0,FICHIER SUPPRIME,/home/massar_t/.bash_logout
3,1,0,FICHIER SUPPRIME,/home/massar_t/.bash_profile
3,1,0,FICHIER SUPPRIME,/home/massar_t/.bash_profile~
3,1,0,FICHIER SUPPRIME,/home/massar_t/.bashrc
3,1,0,FICHIER SUPPRIME,/home/massar_t/.profile
3,1,0,FICHIER SUPPRIME,/home/massar_t/.python_history
3,1,0,FICHIER SUPPRIME,/home/massar_t/mabite.py
3,1,0,FICHIER SUPPRIME,/home/massar_t/main.py
3,1,0,FICHIER SUPPRIME,/home/massar_t/tesasdfasdfasdfasdf.zip
3,0,0,DOSSIER SUPPRIME,/home/massar_t
3,0,0,DOSSIER SUPPRIME,/home
3,0,0,DOSSIER SUPPRIME,
3,1,0,FICHIER SUPPRIME,/var/www/CC/SERVER/backups/bob/test/1.zip
3,1,0,FICHIER SUPPRIME,/home/martin_e/.bash_history
3,1,0,FICHIER SUPPRIME,/home/martin_e/.bash_logout
3,1,0,FICHIER SUPPRIME,/home/martin_e/.bashrc
3,1,0,FICHIER SUPPRIME,/home/martin_e/.profile
3,1,0,FICHIER SUPPRIME,/home/martin_e/.python_history
3,1,0,FICHIER SUPPRIME,/home/martin_e/.selected_editor
3,0,0,DOSSIER SUPPRIME,/home/martin_e
3,0,0,DOSSIER SUPPRIME,/home
3,0,0,DOSSIER SUPPRIME,
3,1,0,FICHIER SUPPRIME,/var/www/CC/SERVER/backups/bob/toto/1.zip
3,1,0,FICHIER SUPPRIME,/var/www/CC/scripts/scp/.git/FETCH_HEAD
3,1,0,FICHIER SUPPRIME,/var/www/CC/scripts/scp/.git/HEAD
3,1,0,FICHIER SUPPRIME,/var/www/CC/scripts/scp/.git/config
3,1,0,FICHIER SUPPRIME,/var/www/CC/scripts/scp/.git/description
3,1,0,FICHIER SUPPRIME,/var/www/CC/scripts/scp/.git/hooks/applypatch-msg.sample
3,1,0,FICHIER SUPPRIME,/var/www/CC/scripts/scp/.git/hooks/commit-msg.sample
3,1,0,FICHIER SUPPRIME,/var/www/CC/scripts/scp/.git/hooks/post-update.sample
3,1,0,FICHIER SUPPRIME,/var/www/CC/scripts/scp/.git/hooks/pre-applypatch.sample
3,1,0,FICHIER SUPPRIME,/var/www/CC/scripts/scp/.git/hooks/pre-commit.sample
3,1,0,FICHIER SUPPRIME,/var/www/CC/scripts/scp/.git/hooks/pre-push.sample
3,1,0,FICHIER SUPPRIME,/var/www/CC/scripts/scp/.git/hooks/pre-rebase.sample
3,1,0,FICHIER SUPPRIME,/var/www/CC/scripts/scp/.git/hooks/prepare-commit-msg.sample
3,1,0,FICHIER SUPPRIME,/var/www/CC/scripts/scp/.git/hooks/update.sample
3,0,0,DOSSIER SUPPRIME,/var/www/CC/scripts/scp/.git/hooks
3,1,0,FICHIER SUPPRIME,/var/www/CC/scripts/scp/.git/index
3,1,0,FICHIER SUPPRIME,/var/www/CC/scripts/scp/.git/info/exclude
3,0,0,DOSSIER SUPPRIME,/var/www/CC/scripts/scp/.git/info
3,1,0,FICHIER SUPPRIME,/var/www/CC/scripts/scp/.git/logs/HEAD
3,1,0,FICHIER SUPPRIME,/var/www/CC/scripts/scp/.git/logs/refs/heads/master
3,0,0,DOSSIER SUPPRIME,/var/www/CC/scripts/scp/.git/logs/refs/heads
3,0,0,DOSSIER SUPPRIME,/var/www/CC/scripts/scp/.git/logs/refs
3,0,0,DOSSIER SUPPRIME,/var/www/CC/scripts/scp/.git/logs
3,1,0,FICHIER SUPPRIME,/var/www/CC/scripts/scp/.git/objects/pack/pack-8046bde57091af82da79fef272f87314bb2c42e8.idx
3,1,0,FICHIER SUPPRIME,/var/www/CC/scripts/scp/.git/objects/pack/pack-8046bde57091af82da79fef272f87314bb2c42e8.pack
3,0,0,DOSSIER SUPPRIME,/var/www/CC/scripts/scp/.git/objects/pack
3,0,0,DOSSIER SUPPRIME,/var/www/CC/scripts/scp/.git/objects
3,1,0,FICHIER SUPPRIME,/var/www/CC/scripts/scp/.git/refs/heads/master
3,0,0,DOSSIER SUPPRIME,/var/www/CC/scripts/scp/.git/refs/heads
3,0,0,DOSSIER SUPPRIME,/var/www/CC/scripts/scp/.git/refs
3,0,0,DOSSIER SUPPRIME,/var/www/CC/scripts/scp/.git
3,1,0,FICHIER SUPPRIME,/var/www/CC/scripts/scp/.travis/setup_ssh.sh
3,0,0,DOSSIER SUPPRIME,/var/www/CC/scripts/scp/.travis
3,1,0,FICHIER SUPPRIME,/var/www/CC/scripts/scp/.travis.yml
3,1,0,FICHIER SUPPRIME,/var/www/CC/scripts/scp/CHANGELOG.md
3,1,0,FICHIER SUPPRIME,/var/www/CC/scripts/scp/LICENSE.txt
3,1,0,FICHIER SUPPRIME,/var/www/CC/scripts/scp/MANIFEST.in
3,1,0,FICHIER SUPPRIME,/var/www/CC/scripts/scp/README.rst
3,1,0,FICHIER SUPPRIME,/var/www/CC/scripts/scp/__pycache__/scp.cpython-34.pyc
3,0,0,DOSSIER SUPPRIME,/var/www/CC/scripts/scp/__pycache__
3,1,0,FICHIER SUPPRIME,/var/www/CC/scripts/scp/build/lib/scp.py
3,0,0,DOSSIER SUPPRIME,/var/www/CC/scripts/scp/build/lib
3,0,0,DOSSIER SUPPRIME,/var/www/CC/scripts/scp/build
3,1,0,FICHIER SUPPRIME,/var/www/CC/scripts/scp/dist/scp-0.10.2-py3.4.egg
3,0,0,DOSSIER SUPPRIME,/var/www/CC/scripts/scp/dist
3,1,0,FICHIER SUPPRIME,/var/www/CC/scripts/scp/scp.egg-info/PKG-INFO
3,1,0,FICHIER SUPPRIME,/var/www/CC/scripts/scp/scp.egg-info/SOURCES.txt
3,1,0,FICHIER SUPPRIME,/var/www/CC/scripts/scp/scp.egg-info/dependency_links.txt
3,1,0,FICHIER SUPPRIME,/var/www/CC/scripts/scp/scp.egg-info/requires.txt
3,1,0,FICHIER SUPPRIME,/var/www/CC/scripts/scp/scp.egg-info/top_level.txt
3,0,0,DOSSIER SUPPRIME,/var/www/CC/scripts/scp/scp.egg-info
3,1,0,FICHIER SUPPRIME,/var/www/CC/scripts/scp/scp.py
3,1,0,FICHIER SUPPRIME,/var/www/CC/scripts/scp/setup.py
3,1,0,FICHIER SUPPRIME,/var/www/CC/scripts/scp/test.py
3,0,0,DOSSIER SUPPRIME,/var/www/CC/scripts/scp
3,0,0,DOSSIER SUPPRIME,/var/www/CC/scripts
3,0,0,DOSSIER SUPPRIME,/var/www/CC
3,0,0,DOSSIER SUPPRIME,/var/www
3,0,0,DOSSIER SUPPRIME,/var
3,0,0,DOSSIER SUPPRIME,
3,1,0,FICHIER SUPPRIME,/var/www/CC/SERVER/db.php
3,1,0,FICHIER SUPPRIME,/var/www/CC/SERVER/ddl.php
3,1,0,FICHIER SUPPRIME,/var/www/CC/SERVER/main.php
3,1,0,FICHIER SUPPRIME,/var/www/CC/SERVER/sendtest.php
3,1,0,FICHIER SUPPRIME,/var/www/CC/SERVER/site/index.html
3,0,0,DOSSIER SUPPRIME,/var/www/CC/SERVER/site
3,1,0,FICHIER SUPPRIME,/var/www/CC/SERVER/size.php
3,1,0,FICHIER SUPPRIME,/var/www/CC/SERVER/test.php
3,1,0,FICHIER SUPPRIME,/var/www/CC/SERVER/user.php
3,1,0,FICHIER SUPPRIME,/var/www/CC/cp.py
3,1,0,FICHIER SUPPRIME,/var/www/CC/main.php
3,1,0,FICHIER SUPPRIME,/var/www/CC/scripts/.git/FETCH_HEAD
3,0,0,DOSSIER SUPPRIME,/var/www/CC/scripts/.git/branches
3,0,0,DOSSIER SUPPRIME,/var/www/CC/scripts/.git/objects/info
3,0,0,DOSSIER SUPPRIME,/var/www/CC/scripts/.git/refs/tags
3,1,0,FICHIER SUPPRIME,/var/www/CC/scripts/.git/HEAD
3,1,0,FICHIER SUPPRIME,/var/www/CC/scripts/.git/config
3,1,0,FICHIER SUPPRIME,/var/www/CC/scripts/.git/description
3,1,0,FICHIER SUPPRIME,/var/www/CC/scripts/.git/hooks/applypatch-msg.sample
3,1,0,FICHIER SUPPRIME,/var/www/CC/scripts/.git/hooks/commit-msg.sample
3,1,0,FICHIER SUPPRIME,/var/www/CC/scripts/.git/hooks/post-update.sample
3,1,0,FICHIER SUPPRIME,/var/www/CC/scripts/.git/hooks/pre-applypatch.sample
3,1,0,FICHIER SUPPRIME,/var/www/CC/scripts/.git/hooks/pre-commit.sample
3,1,0,FICHIER SUPPRIME,/var/www/CC/scripts/.git/hooks/pre-push.sample
3,1,0,FICHIER SUPPRIME,/var/www/CC/scripts/.git/hooks/pre-rebase.sample
3,1,0,FICHIER SUPPRIME,/var/www/CC/scripts/.git/hooks/prepare-commit-msg.sample
3,1,0,FICHIER SUPPRIME,/var/www/CC/scripts/.git/hooks/update.sample
3,0,0,DOSSIER SUPPRIME,/var/www/CC/scripts/.git/hooks
3,1,0,FICHIER SUPPRIME,/var/www/CC/scripts/.git/index
3,1,0,FICHIER SUPPRIME,/var/www/CC/scripts/.git/info/exclude
3,0,0,DOSSIER SUPPRIME,/var/www/CC/scripts/.git/info
3,1,0,FICHIER SUPPRIME,/var/www/CC/scripts/.git/logs/HEAD
3,1,0,FICHIER SUPPRIME,/var/www/CC/scripts/.git/logs/refs/heads/master
3,0,0,DOSSIER SUPPRIME,/var/www/CC/scripts/.git/logs/refs/heads
3,0,0,DOSSIER SUPPRIME,/var/www/CC/scripts/.git/logs/refs
3,0,0,DOSSIER SUPPRIME,/var/www/CC/scripts/.git/logs
3,1,0,FICHIER SUPPRIME,/var/www/CC/scripts/.git/objects/pack/pack-8046bde57091af82da79fef272f87314bb2c42e8.idx
3,1,0,FICHIER SUPPRIME,/var/www/CC/scripts/.git/objects/pack/pack-8046bde57091af82da79fef272f87314bb2c42e8.pack
3,0,0,DOSSIER SUPPRIME,/var/www/CC/scripts/.git/objects/pack
3,0,0,DOSSIER SUPPRIME,/var/www/CC/scripts/.git/objects
3,1,0,FICHIER SUPPRIME,/var/www/CC/scripts/.git/refs/heads/master
3,0,0,DOSSIER SUPPRIME,/var/www/CC/scripts/.git/refs/heads
3,0,0,DOSSIER SUPPRIME,/var/www/CC/scripts/.git/refs
3,0,0,DOSSIER SUPPRIME,/var/www/CC/scripts/.git
3,0,0,DOSSIER SUPPRIME,/var/www/CC/scripts/build/bdist.linux-x86_64
3,0,0,DOSSIER SUPPRIME,/var/www/CC/scripts/scp/.git/branches
3,0,0,DOSSIER SUPPRIME,/var/www/CC/scripts/scp/.git/objects/info
3,0,0,DOSSIER SUPPRIME,/var/www/CC/scripts/scp/.git/refs/tags
3,0,0,DOSSIER SUPPRIME,/var/www/CC/scripts/scp/build/bdist.linux-x86_64
3,1,0,FICHIER SUPPRIME,/var/www/CC/scripts/.travis/setup_ssh.sh
3,0,0,DOSSIER SUPPRIME,/var/www/CC/scripts/.travis
3,1,0,FICHIER SUPPRIME,/var/www/CC/scripts/.travis.yml
3,1,0,FICHIER SUPPRIME,/var/www/CC/scripts/CHANGELOG.md
3,1,0,FICHIER SUPPRIME,/var/www/CC/scripts/LICENSE.txt
3,1,0,FICHIER SUPPRIME,/var/www/CC/scripts/MANIFEST.in
3,1,0,FICHIER SUPPRIME,/var/www/CC/scripts/README.rst
3,1,0,FICHIER SUPPRIME,/var/www/CC/scripts/__pycache__/daemonize.cpython-34.pyc
3,1,0,FICHIER SUPPRIME,/var/www/CC/scripts/__pycache__/scp.cpython-34.pyc
3,0,0,DOSSIER SUPPRIME,/var/www/CC/scripts/__pycache__
3,1,0,FICHIER SUPPRIME,/var/www/CC/scripts/antoine.py
3,1,0,FICHIER SUPPRIME,/var/www/CC/scripts/autobackup
3,1,0,FICHIER SUPPRIME,/var/www/CC/scripts/bankito.py
3,1,0,FICHIER SUPPRIME,/var/www/CC/scripts/build/lib/scp.py
3,0,0,DOSSIER SUPPRIME,/var/www/CC/scripts/build/lib
3,0,0,DOSSIER SUPPRIME,/var/www/CC/scripts/build
3,1,0,FICHIER SUPPRIME,/var/www/CC/scripts/connect.py
3,1,0,FICHIER SUPPRIME,/var/www/CC/scripts/connect.py~
3,1,0,FICHIER SUPPRIME,/var/www/CC/scripts/cp.py
3,1,0,FICHIER SUPPRIME,/var/www/CC/scripts/daemonize.py
3,1,0,FICHIER SUPPRIME,/var/www/CC/scripts/daemonize.pyc
3,1,0,FICHIER SUPPRIME,/var/www/CC/scripts/dist/scp-0.10.2-py3.4.egg
3,0,0,DOSSIER SUPPRIME,/var/www/CC/scripts/dist
3,1,0,FICHIER SUPPRIME,/var/www/CC/scripts/etape1.py
3,1,0,FICHIER SUPPRIME,/var/www/CC/scripts/etape2.py
3,1,0,FICHIER SUPPRIME,/var/www/CC/scripts/export_tmp_bankito.tar.gz
3,1,0,FICHIER SUPPRIME,/var/www/CC/scripts/scp/.git/FETCH_HEAD
3,1,0,FICHIER SUPPRIME,/var/www/CC/scripts/scp/.git/HEAD
3,1,0,FICHIER SUPPRIME,/var/www/CC/scripts/scp/.git/config
3,1,0,FICHIER SUPPRIME,/var/www/CC/scripts/scp/.git/description
3,1,0,FICHIER SUPPRIME,/var/www/CC/scripts/scp/.git/hooks/applypatch-msg.sample
3,1,0,FICHIER SUPPRIME,/var/www/CC/scripts/scp/.git/hooks/commit-msg.sample
3,1,0,FICHIER SUPPRIME,/var/www/CC/scripts/scp/.git/hooks/post-update.sample
3,1,0,FICHIER SUPPRIME,/var/www/CC/scripts/scp/.git/hooks/pre-applypatch.sample
3,1,0,FICHIER SUPPRIME,/var/www/CC/scripts/scp/.git/hooks/pre-commit.sample
3,1,0,FICHIER SUPPRIME,/var/www/CC/scripts/scp/.git/hooks/pre-push.sample
3,1,0,FICHIER SUPPRIME,/var/www/CC/scripts/scp/.git/hooks/pre-rebase.sample
3,1,0,FICHIER SUPPRIME,/var/www/CC/scripts/scp/.git/hooks/prepare-commit-msg.sample
3,1,0,FICHIER SUPPRIME,/var/www/CC/scripts/scp/.git/hooks/update.sample
3,0,0,DOSSIER SUPPRIME,/var/www/CC/scripts/scp/.git/hooks
3,1,0,FICHIER SUPPRIME,/var/www/CC/scripts/scp/.git/index
3,1,0,FICHIER SUPPRIME,/var/www/CC/scripts/scp/.git/info/exclude
3,0,0,DOSSIER SUPPRIME,/var/www/CC/scripts/scp/.git/info
3,1,0,FICHIER SUPPRIME,/var/www/CC/scripts/scp/.git/logs/HEAD
3,1,0,FICHIER SUPPRIME,/var/www/CC/scripts/scp/.git/logs/refs/heads/master
3,0,0,DOSSIER SUPPRIME,/var/www/CC/scripts/scp/.git/logs/refs/heads
3,0,0,DOSSIER SUPPRIME,/var/www/CC/scripts/scp/.git/logs/refs
3,0,0,DOSSIER SUPPRIME,/var/www/CC/scripts/scp/.git/logs
3,1,0,FICHIER SUPPRIME,/var/www/CC/scripts/scp/.git/objects/pack/pack-8046bde57091af82da79fef272f87314bb2c42e8.idx
3,1,0,FICHIER SUPPRIME,/var/www/CC/scripts/scp/.git/objects/pack/pack-8046bde57091af82da79fef272f87314bb2c42e8.pack
3,0,0,DOSSIER SUPPRIME,/var/www/CC/scripts/scp/.git/objects/pack
3,0,0,DOSSIER SUPPRIME,/var/www/CC/scripts/scp/.git/objects
3,1,0,FICHIER SUPPRIME,/var/www/CC/scripts/scp/.git/refs/heads/master
3,0,0,DOSSIER SUPPRIME,/var/www/CC/scripts/scp/.git/refs/heads
3,0,0,DOSSIER SUPPRIME,/var/www/CC/scripts/scp/.git/refs
3,0,0,DOSSIER SUPPRIME,/var/www/CC/scripts/scp/.git
3,1,0,FICHIER SUPPRIME,/var/www/CC/scripts/scp/.travis/setup_ssh.sh
3,0,0,DOSSIER SUPPRIME,/var/www/CC/scripts/scp/.travis
3,1,0,FICHIER SUPPRIME,/var/www/CC/scripts/scp/.travis.yml
3,1,0,FICHIER SUPPRIME,/var/www/CC/scripts/scp/CHANGELOG.md
3,1,0,FICHIER SUPPRIME,/var/www/CC/scripts/scp/LICENSE.txt
3,1,0,FICHIER SUPPRIME,/var/www/CC/scripts/scp/MANIFEST.in
3,1,0,FICHIER SUPPRIME,/var/www/CC/scripts/scp/README.rst
3,1,0,FICHIER SUPPRIME,/var/www/CC/scripts/scp/__pycache__/scp.cpython-34.pyc
3,0,0,DOSSIER SUPPRIME,/var/www/CC/scripts/scp/__pycache__
3,1,0,FICHIER SUPPRIME,/var/www/CC/scripts/scp/build/lib/scp.py
3,0,0,DOSSIER SUPPRIME,/var/www/CC/scripts/scp/build/lib
3,0,0,DOSSIER SUPPRIME,/var/www/CC/scripts/scp/build
3,1,0,FICHIER SUPPRIME,/var/www/CC/scripts/scp/dist/scp-0.10.2-py3.4.egg
3,0,0,DOSSIER SUPPRIME,/var/www/CC/scripts/scp/dist
3,1,0,FICHIER SUPPRIME,/var/www/CC/scripts/scp/scp.egg-info/PKG-INFO
3,1,0,FICHIER SUPPRIME,/var/www/CC/scripts/scp/scp.egg-info/SOURCES.txt
3,1,0,FICHIER SUPPRIME,/var/www/CC/scripts/scp/scp.egg-info/dependency_links.txt
3,1,0,FICHIER SUPPRIME,/var/www/CC/scripts/scp/scp.egg-info/requires.txt
3,1,0,FICHIER SUPPRIME,/var/www/CC/scripts/scp/scp.egg-info/top_level.txt
3,0,0,DOSSIER SUPPRIME,/var/www/CC/scripts/scp/scp.egg-info
3,1,0,FICHIER SUPPRIME,/var/www/CC/scripts/scp/scp.py
3,1,0,FICHIER SUPPRIME,/var/www/CC/scripts/scp/setup.py
3,1,0,FICHIER SUPPRIME,/var/www/CC/scripts/scp/test.py
3,0,0,DOSSIER SUPPRIME,/var/www/CC/scripts/scp
3,1,0,FICHIER SUPPRIME,/var/www/CC/scripts/scp.egg-info/PKG-INFO
3,1,0,FICHIER SUPPRIME,/var/www/CC/scripts/scp.egg-info/SOURCES.txt
3,1,0,FICHIER SUPPRIME,/var/www/CC/scripts/scp.egg-info/dependency_links.txt
3,1,0,FICHIER SUPPRIME,/var/www/CC/scripts/scp.egg-info/requires.txt
3,1,0,FICHIER SUPPRIME,/var/www/CC/scripts/scp.egg-info/top_level.txt
3,0,0,DOSSIER SUPPRIME,/var/www/CC/scripts/scp.egg-info
3,1,0,FICHIER SUPPRIME,/var/www/CC/scripts/scp.py
3,1,0,FICHIER SUPPRIME,/var/www/CC/scripts/scripts/1454602169.9845166.tar.gz
3,1,0,FICHIER SUPPRIME,/var/www/CC/scripts/scripts/antoine.py
3,1,0,FICHIER SUPPRIME,/var/www/CC/scripts/scripts/connect.py
3,1,0,FICHIER SUPPRIME,/var/www/CC/scripts/scripts/cron.py
3,1,0,FICHIER SUPPRIME,/var/www/CC/scripts/scripts/testosterone.py
3,0,0,DOSSIER SUPPRIME,/var/www/CC/scripts/scripts
3,1,0,FICHIER SUPPRIME,/var/www/CC/scripts/setup.py
3,1,0,FICHIER SUPPRIME,/var/www/CC/scripts/tata.zip
3,1,0,FICHIER SUPPRIME,/var/www/CC/scripts/test.py
3,1,0,FICHIER SUPPRIME,/var/www/CC/scripts/test.txt
3,1,0,FICHIER SUPPRIME,/var/www/CC/scripts/testosterone.py
3,1,0,FICHIER SUPPRIME,/var/www/CC/scripts/theo.py
3,0,0,DOSSIER SUPPRIME,/var/www/CC/scripts
3,1,0,FICHIER SUPPRIME,/var/www/CC/test.py
3,1,0,FICHIER SUPPRIME,/var/www/CC/test.pyc
3,1,0,FICHIER SUPPRIME,/var/www/CC/untitled
3,1,0,FICHIER SUPPRIME,/var/www/CC/website/brown-papersq.png
3,1,0,FICHIER SUPPRIME,/var/www/CC/website/class/backup.php
3,1,0,FICHIER SUPPRIME,/var/www/CC/website/class/file.php
3,1,0,FICHIER SUPPRIME,/var/www/CC/website/class/user.php
3,0,0,DOSSIER SUPPRIME,/var/www/CC/website/class
3,1,0,FICHIER SUPPRIME,/var/www/CC/website/config/config.php
3,0,0,DOSSIER SUPPRIME,/var/www/CC/website/config
3,1,0,FICHIER SUPPRIME,/var/www/CC/website/include/connect.php
3,1,0,FICHIER SUPPRIME,/var/www/CC/website/include/file.php
3,1,0,FICHIER SUPPRIME,/var/www/CC/website/include/footer.php
3,1,0,FICHIER SUPPRIME,/var/www/CC/website/include/function.php
3,1,0,FICHIER SUPPRIME,/var/www/CC/website/include/head.php
3,1,0,FICHIER SUPPRIME,/var/www/CC/website/include/header.php
3,0,0,DOSSIER SUPPRIME,/var/www/CC/website/include
3,1,0,FICHIER SUPPRIME,/var/www/CC/website/index.php
3,1,0,FICHIER SUPPRIME,/var/www/CC/website/js/bootstrap.js
3,1,0,FICHIER SUPPRIME,/var/www/CC/website/js/bootstrap.min.js
3,1,0,FICHIER SUPPRIME,/var/www/CC/website/js/highlight.pack.js
3,1,0,FICHIER SUPPRIME,/var/www/CC/website/js/highlightjs.loader.min.js
3,1,0,FICHIER SUPPRIME,/var/www/CC/website/js/npm.js
3,0,0,DOSSIER SUPPRIME,/var/www/CC/website/js
3,1,0,FICHIER SUPPRIME,/var/www/CC/website/pojoaque.jpg
3,1,0,FICHIER SUPPRIME,/var/www/CC/website/school-book.png
3,1,0,FICHIER SUPPRIME,/var/www/CC/website/script/connexion.php
3,1,0,FICHIER SUPPRIME,/var/www/CC/website/script/deconnexion.php
3,1,0,FICHIER SUPPRIME,/var/www/CC/website/script/inscription.php
3,0,0,DOSSIER SUPPRIME,/var/www/CC/website/script
3,1,0,FICHIER SUPPRIME,/var/www/CC/website/style/css/agate.css
3,1,0,FICHIER SUPPRIME,/var/www/CC/website/style/css/androidstudio.css
3,1,0,FICHIER SUPPRIME,/var/www/CC/website/style/css/arduino-light.css
3,1,0,FICHIER SUPPRIME,/var/www/CC/website/style/css/arta.css
3,1,0,FICHIER SUPPRIME,/var/www/CC/website/style/css/ascetic.css
3,1,0,FICHIER SUPPRIME,/var/www/CC/website/style/css/atelier-cave-dark.css
3,1,0,FICHIER SUPPRIME,/var/www/CC/website/style/css/atelier-cave-light.css
3,1,0,FICHIER SUPPRIME,/var/www/CC/website/style/css/atelier-dune-dark.css
3,1,0,FICHIER SUPPRIME,/var/www/CC/website/style/css/atelier-dune-light.css
3,1,0,FICHIER SUPPRIME,/var/www/CC/website/style/css/atelier-estuary-dark.css
3,1,0,FICHIER SUPPRIME,/var/www/CC/website/style/css/atelier-estuary-light.css
3,1,0,FICHIER SUPPRIME,/var/www/CC/website/style/css/atelier-forest-dark.css
3,1,0,FICHIER SUPPRIME,/var/www/CC/website/style/css/atelier-forest-light.css
3,1,0,FICHIER SUPPRIME,/var/www/CC/website/style/css/atelier-heath-dark.css
3,1,0,FICHIER SUPPRIME,/var/www/CC/website/style/css/atelier-heath-light.css
3,1,0,FICHIER SUPPRIME,/var/www/CC/website/style/css/atelier-lakeside-dark.css
3,1,0,FICHIER SUPPRIME,/var/www/CC/website/style/css/atelier-lakeside-light.css
3,1,0,FICHIER SUPPRIME,/var/www/CC/website/style/css/atelier-plateau-dark.css
3,1,0,FICHIER SUPPRIME,/var/www/CC/website/style/css/atelier-plateau-light.css
3,1,0,FICHIER SUPPRIME,/var/www/CC/website/style/css/atelier-savanna-dark.css
3,1,0,FICHIER SUPPRIME,/var/www/CC/website/style/css/atelier-savanna-light.css
3,1,0,FICHIER SUPPRIME,/var/www/CC/website/style/css/atelier-seaside-dark.css
3,1,0,FICHIER SUPPRIME,/var/www/CC/website/style/css/atelier-seaside-light.css
3,1,0,FICHIER SUPPRIME,/var/www/CC/website/style/css/atelier-sulphurpool-dark.css
3,1,0,FICHIER SUPPRIME,/var/www/CC/website/style/css/atelier-sulphurpool-light.css
3,1,0,FICHIER SUPPRIME,/var/www/CC/website/style/css/bootstrap.css
3,1,0,FICHIER SUPPRIME,/var/www/CC/website/style/css/brown-paper.css
3,1,0,FICHIER SUPPRIME,/var/www/CC/website/style/css/codepen-embed.css
3,1,0,FICHIER SUPPRIME,/var/www/CC/website/style/css/color-brewer.css
3,1,0,FICHIER SUPPRIME,/var/www/CC/website/style/css/dark.css
3,1,0,FICHIER SUPPRIME,/var/www/CC/website/style/css/darkula.css
3,1,0,FICHIER SUPPRIME,/var/www/CC/website/style/css/default.css
3,1,0,FICHIER SUPPRIME,/var/www/CC/website/style/css/docco.css
3,1,0,FICHIER SUPPRIME,/var/www/CC/website/style/css/far.css
3,1,0,FICHIER SUPPRIME,/var/www/CC/website/style/css/foundation.css
3,1,0,FICHIER SUPPRIME,/var/www/CC/website/style/css/github-gist.css
3,1,0,FICHIER SUPPRIME,/var/www/CC/website/style/css/github.css
3,1,0,FICHIER SUPPRIME,/var/www/CC/website/style/css/global.css
3,1,0,FICHIER SUPPRIME,/var/www/CC/website/style/css/googlecode.css
3,1,0,FICHIER SUPPRIME,/var/www/CC/website/style/css/grayscale.css
3,1,0,FICHIER SUPPRIME,/var/www/CC/website/style/css/hopscotch.css
3,1,0,FICHIER SUPPRIME,/var/www/CC/website/style/css/hybrid.css
3,1,0,FICHIER SUPPRIME,/var/www/CC/website/style/css/idea.css
3,1,0,FICHIER SUPPRIME,/var/www/CC/website/style/css/ir-black.css
3,1,0,FICHIER SUPPRIME,/var/www/CC/website/style/css/kimbie.dark.css
3,1,0,FICHIER SUPPRIME,/var/www/CC/website/style/css/kimbie.light.css
3,1,0,FICHIER SUPPRIME,/var/www/CC/website/style/css/magula.css
3,1,0,FICHIER SUPPRIME,/var/www/CC/website/style/css/mono-blue.css
3,1,0,FICHIER SUPPRIME,/var/www/CC/website/style/css/monokai-sublime.css
3,1,0,FICHIER SUPPRIME,/var/www/CC/website/style/css/monokai.css
3,1,0,FICHIER SUPPRIME,/var/www/CC/website/style/css/obsidian.css
3,1,0,FICHIER SUPPRIME,/var/www/CC/website/style/css/paraiso-dark.css
3,1,0,FICHIER SUPPRIME,/var/www/CC/website/style/css/paraiso-light.css
3,1,0,FICHIER SUPPRIME,/var/www/CC/website/style/css/pojoaque.css
3,1,0,FICHIER SUPPRIME,/var/www/CC/website/style/css/railscasts.css
3,1,0,FICHIER SUPPRIME,/var/www/CC/website/style/css/rainbow.css
3,1,0,FICHIER SUPPRIME,/var/www/CC/website/style/css/school-book.css
3,1,0,FICHIER SUPPRIME,/var/www/CC/website/style/css/solarized-dark.css
3,1,0,FICHIER SUPPRIME,/var/www/CC/website/style/css/solarized-light.css
3,1,0,FICHIER SUPPRIME,/var/www/CC/website/style/css/sunburst.css
3,1,0,FICHIER SUPPRIME,/var/www/CC/website/style/css/tomorrow-night-blue.css
3,1,0,FICHIER SUPPRIME,/var/www/CC/website/style/css/tomorrow-night-bright.css
3,1,0,FICHIER SUPPRIME,/var/www/CC/website/style/css/tomorrow-night-eighties.css
3,1,0,FICHIER SUPPRIME,/var/www/CC/website/style/css/tomorrow-night.css
3,1,0,FICHIER SUPPRIME,/var/www/CC/website/style/css/tomorrow.css
3,1,0,FICHIER SUPPRIME,/var/www/CC/website/style/css/vs.css
3,1,0,FICHIER SUPPRIME,/var/www/CC/website/style/css/xcode.css
3,1,0,FICHIER SUPPRIME,/var/www/CC/website/style/css/zenburn.css
3,0,0,DOSSIER SUPPRIME,/var/www/CC/website/style/css
3,1,0,FICHIER SUPPRIME,/var/www/CC/website/style/fonts/glyphicons-halflings-regular.eot
3,1,0,FICHIER SUPPRIME,/var/www/CC/website/style/fonts/glyphicons-halflings-regular.svg
3,1,0,FICHIER SUPPRIME,/var/www/CC/website/style/fonts/glyphicons-halflings-regular.ttf
3,1,0,FICHIER SUPPRIME,/var/www/CC/website/style/fonts/glyphicons-halflings-regular.woff
3,1,0,FICHIER SUPPRIME,/var/www/CC/website/style/fonts/glyphicons-halflings-regular.woff2
3,0,0,DOSSIER SUPPRIME,/var/www/CC/website/style/fonts
3,1,0,FICHIER SUPPRIME,/var/www/CC/website/style/img/backito.png
3,1,0,FICHIER SUPPRIME,/var/www/CC/website/style/img/backitobody.png
3,1,0,FICHIER SUPPRIME,/var/www/CC/website/style/img/backitoqueue.png
3,1,0,FICHIER SUPPRIME,/var/www/CC/website/style/img/bg_cubes.png
3,0,0,DOSSIER SUPPRIME,/var/www/CC/website/style/img
3,0,0,DOSSIER SUPPRIME,/var/www/CC/website/style
