1,0,1,DOSSIER AJOUTE,/var/www/CC/scripts/scp/
1,1,1,FICHIER AJOUTE,/var/www/CC/scripts/scp/scp.py
1,1,1,FICHIER AJOUTE,/var/www/CC/scripts/scp/MANIFEST.in
1,1,1,FICHIER AJOUTE,/var/www/CC/scripts/scp/CHANGELOG.md
1,1,1,FICHIER AJOUTE,/var/www/CC/scripts/scp/test.py
1,1,1,FICHIER AJOUTE,/var/www/CC/scripts/scp/.travis.yml
1,1,1,FICHIER AJOUTE,/var/www/CC/scripts/scp/setup.py
1,1,1,FICHIER AJOUTE,/var/www/CC/scripts/scp/LICENSE.txt
1,1,1,FICHIER AJOUTE,/var/www/CC/scripts/scp/README.rst
1,0,1,DOSSIER AJOUTE,/var/www/CC/scripts/scp/build/
1,0,1,DOSSIER AJOUTE,/var/www/CC/scripts/scp/build/lib/
1,1,1,FICHIER AJOUTE,/var/www/CC/scripts/scp/build/lib/scp.py
1,0,1,DOSSIER AJOUTE,/var/www/CC/scripts/scp/build/bdist.linux-x86_64/
1,0,1,DOSSIER AJOUTE,/var/www/CC/scripts/scp/.travis/
1,1,1,FICHIER AJOUTE,/var/www/CC/scripts/scp/.travis/setup_ssh.sh
1,0,1,DOSSIER AJOUTE,/var/www/CC/scripts/scp/scp.egg-info/
1,1,1,FICHIER AJOUTE,/var/www/CC/scripts/scp/scp.egg-info/SOURCES.txt
1,1,1,FICHIER AJOUTE,/var/www/CC/scripts/scp/scp.egg-info/top_level.txt
1,1,1,FICHIER AJOUTE,/var/www/CC/scripts/scp/scp.egg-info/dependency_links.txt
1,1,1,FICHIER AJOUTE,/var/www/CC/scripts/scp/scp.egg-info/PKG-INFO
1,1,1,FICHIER AJOUTE,/var/www/CC/scripts/scp/scp.egg-info/requires.txt
1,0,1,DOSSIER AJOUTE,/var/www/CC/scripts/scp/.git/
1,1,1,FICHIER AJOUTE,/var/www/CC/scripts/scp/.git/description
1,1,1,FICHIER AJOUTE,/var/www/CC/scripts/scp/.git/index
1,1,1,FICHIER AJOUTE,/var/www/CC/scripts/scp/.git/HEAD
1,1,1,FICHIER AJOUTE,/var/www/CC/scripts/scp/.git/config
1,1,1,FICHIER AJOUTE,/var/www/CC/scripts/scp/.git/FETCH_HEAD
1,0,1,DOSSIER AJOUTE,/var/www/CC/scripts/scp/.git/refs/
1,0,1,DOSSIER AJOUTE,/var/www/CC/scripts/scp/.git/refs/tags/
1,0,1,DOSSIER AJOUTE,/var/www/CC/scripts/scp/.git/refs/heads/
1,1,1,FICHIER AJOUTE,/var/www/CC/scripts/scp/.git/refs/heads/master
1,0,1,DOSSIER AJOUTE,/var/www/CC/scripts/scp/.git/objects/
1,0,1,DOSSIER AJOUTE,/var/www/CC/scripts/scp/.git/objects/pack/
1,1,1,FICHIER AJOUTE,/var/www/CC/scripts/scp/.git/objects/pack/pack-8046bde57091af82da79fef272f87314bb2c42e8.idx
1,1,1,FICHIER AJOUTE,/var/www/CC/scripts/scp/.git/objects/pack/pack-8046bde57091af82da79fef272f87314bb2c42e8.pack
1,0,1,DOSSIER AJOUTE,/var/www/CC/scripts/scp/.git/objects/info/
1,0,1,DOSSIER AJOUTE,/var/www/CC/scripts/scp/.git/hooks/
1,1,1,FICHIER AJOUTE,/var/www/CC/scripts/scp/.git/hooks/pre-applypatch.sample
1,1,1,FICHIER AJOUTE,/var/www/CC/scripts/scp/.git/hooks/update.sample
1,1,1,FICHIER AJOUTE,/var/www/CC/scripts/scp/.git/hooks/applypatch-msg.sample
1,1,1,FICHIER AJOUTE,/var/www/CC/scripts/scp/.git/hooks/commit-msg.sample
1,1,1,FICHIER AJOUTE,/var/www/CC/scripts/scp/.git/hooks/pre-push.sample
1,1,1,FICHIER AJOUTE,/var/www/CC/scripts/scp/.git/hooks/prepare-commit-msg.sample
1,1,1,FICHIER AJOUTE,/var/www/CC/scripts/scp/.git/hooks/pre-commit.sample
1,1,1,FICHIER AJOUTE,/var/www/CC/scripts/scp/.git/hooks/pre-rebase.sample
1,1,1,FICHIER AJOUTE,/var/www/CC/scripts/scp/.git/hooks/post-update.sample
1,0,1,DOSSIER AJOUTE,/var/www/CC/scripts/scp/.git/logs/
1,1,1,FICHIER AJOUTE,/var/www/CC/scripts/scp/.git/logs/HEAD
1,0,1,DOSSIER AJOUTE,/var/www/CC/scripts/scp/.git/logs/refs/
1,0,1,DOSSIER AJOUTE,/var/www/CC/scripts/scp/.git/logs/refs/heads/
1,1,1,FICHIER AJOUTE,/var/www/CC/scripts/scp/.git/logs/refs/heads/master
1,0,1,DOSSIER AJOUTE,/var/www/CC/scripts/scp/.git/info/
1,1,1,FICHIER AJOUTE,/var/www/CC/scripts/scp/.git/info/exclude
1,0,1,DOSSIER AJOUTE,/var/www/CC/scripts/scp/.git/branches/
1,0,1,DOSSIER AJOUTE,/var/www/CC/scripts/scp/__pycache__/
1,1,1,FICHIER AJOUTE,/var/www/CC/scripts/scp/__pycache__/scp.cpython-34.pyc
1,0,1,DOSSIER AJOUTE,/var/www/CC/scripts/scp/dist/
1,1,1,FICHIER AJOUTE,/var/www/CC/scripts/scp/dist/scp-0.10.2-py3.4.egg
